Mensaje I / 00:00:00:000 / Root(00) para top(01)
Mensaje I / 00:00:00:000 / top(01) para life(02)
Mensaje I / 00:00:00:000 / life(02) para life(0,0)(03)
Mensaje I / 00:00:00:000 / life(02) para life(0,1)(04)
Mensaje I / 00:00:00:000 / life(02) para life(0,2)(05)
Mensaje I / 00:00:00:000 / life(02) para life(0,3)(06)
Mensaje I / 00:00:00:000 / life(02) para life(0,4)(07)
Mensaje I / 00:00:00:000 / life(02) para life(0,5)(08)
Mensaje I / 00:00:00:000 / life(02) para life(0,6)(09)
Mensaje I / 00:00:00:000 / life(02) para life(0,7)(10)
Mensaje I / 00:00:00:000 / life(02) para life(0,8)(11)
Mensaje I / 00:00:00:000 / life(02) para life(0,9)(12)
Mensaje I / 00:00:00:000 / life(02) para life(0,10)(13)
Mensaje I / 00:00:00:000 / life(02) para life(0,11)(14)
Mensaje I / 00:00:00:000 / life(02) para life(0,12)(15)
Mensaje I / 00:00:00:000 / life(02) para life(0,13)(16)
Mensaje I / 00:00:00:000 / life(02) para life(0,14)(17)
Mensaje I / 00:00:00:000 / life(02) para life(0,15)(18)
Mensaje I / 00:00:00:000 / life(02) para life(0,16)(19)
Mensaje I / 00:00:00:000 / life(02) para life(0,17)(20)
Mensaje I / 00:00:00:000 / life(02) para life(0,18)(21)
Mensaje I / 00:00:00:000 / life(02) para life(0,19)(22)
Mensaje I / 00:00:00:000 / life(02) para life(1,0)(23)
Mensaje I / 00:00:00:000 / life(02) para life(1,1)(24)
Mensaje I / 00:00:00:000 / life(02) para life(1,2)(25)
Mensaje I / 00:00:00:000 / life(02) para life(1,3)(26)
Mensaje I / 00:00:00:000 / life(02) para life(1,4)(27)
Mensaje I / 00:00:00:000 / life(02) para life(1,5)(28)
Mensaje I / 00:00:00:000 / life(02) para life(1,6)(29)
Mensaje I / 00:00:00:000 / life(02) para life(1,7)(30)
Mensaje I / 00:00:00:000 / life(02) para life(1,8)(31)
Mensaje I / 00:00:00:000 / life(02) para life(1,9)(32)
Mensaje I / 00:00:00:000 / life(02) para life(1,10)(33)
Mensaje I / 00:00:00:000 / life(02) para life(1,11)(34)
Mensaje I / 00:00:00:000 / life(02) para life(1,12)(35)
Mensaje I / 00:00:00:000 / life(02) para life(1,13)(36)
Mensaje I / 00:00:00:000 / life(02) para life(1,14)(37)
Mensaje I / 00:00:00:000 / life(02) para life(1,15)(38)
Mensaje I / 00:00:00:000 / life(02) para life(1,16)(39)
Mensaje I / 00:00:00:000 / life(02) para life(1,17)(40)
Mensaje I / 00:00:00:000 / life(02) para life(1,18)(41)
Mensaje I / 00:00:00:000 / life(02) para life(1,19)(42)
Mensaje I / 00:00:00:000 / life(02) para life(2,0)(43)
Mensaje I / 00:00:00:000 / life(02) para life(2,1)(44)
Mensaje I / 00:00:00:000 / life(02) para life(2,2)(45)
Mensaje I / 00:00:00:000 / life(02) para life(2,3)(46)
Mensaje I / 00:00:00:000 / life(02) para life(2,4)(47)
Mensaje I / 00:00:00:000 / life(02) para life(2,5)(48)
Mensaje I / 00:00:00:000 / life(02) para life(2,6)(49)
Mensaje I / 00:00:00:000 / life(02) para life(2,7)(50)
Mensaje I / 00:00:00:000 / life(02) para life(2,8)(51)
Mensaje I / 00:00:00:000 / life(02) para life(2,9)(52)
Mensaje I / 00:00:00:000 / life(02) para life(2,10)(53)
Mensaje I / 00:00:00:000 / life(02) para life(2,11)(54)
Mensaje I / 00:00:00:000 / life(02) para life(2,12)(55)
Mensaje I / 00:00:00:000 / life(02) para life(2,13)(56)
Mensaje I / 00:00:00:000 / life(02) para life(2,14)(57)
Mensaje I / 00:00:00:000 / life(02) para life(2,15)(58)
Mensaje I / 00:00:00:000 / life(02) para life(2,16)(59)
Mensaje I / 00:00:00:000 / life(02) para life(2,17)(60)
Mensaje I / 00:00:00:000 / life(02) para life(2,18)(61)
Mensaje I / 00:00:00:000 / life(02) para life(2,19)(62)
Mensaje I / 00:00:00:000 / life(02) para life(3,0)(63)
Mensaje I / 00:00:00:000 / life(02) para life(3,1)(64)
Mensaje I / 00:00:00:000 / life(02) para life(3,2)(65)
Mensaje I / 00:00:00:000 / life(02) para life(3,3)(66)
Mensaje I / 00:00:00:000 / life(02) para life(3,4)(67)
Mensaje I / 00:00:00:000 / life(02) para life(3,5)(68)
Mensaje I / 00:00:00:000 / life(02) para life(3,6)(69)
Mensaje I / 00:00:00:000 / life(02) para life(3,7)(70)
Mensaje I / 00:00:00:000 / life(02) para life(3,8)(71)
Mensaje I / 00:00:00:000 / life(02) para life(3,9)(72)
Mensaje I / 00:00:00:000 / life(02) para life(3,10)(73)
Mensaje I / 00:00:00:000 / life(02) para life(3,11)(74)
Mensaje I / 00:00:00:000 / life(02) para life(3,12)(75)
Mensaje I / 00:00:00:000 / life(02) para life(3,13)(76)
Mensaje I / 00:00:00:000 / life(02) para life(3,14)(77)
Mensaje I / 00:00:00:000 / life(02) para life(3,15)(78)
Mensaje I / 00:00:00:000 / life(02) para life(3,16)(79)
Mensaje I / 00:00:00:000 / life(02) para life(3,17)(80)
Mensaje I / 00:00:00:000 / life(02) para life(3,18)(81)
Mensaje I / 00:00:00:000 / life(02) para life(3,19)(82)
Mensaje I / 00:00:00:000 / life(02) para life(4,0)(83)
Mensaje I / 00:00:00:000 / life(02) para life(4,1)(84)
Mensaje I / 00:00:00:000 / life(02) para life(4,2)(85)
Mensaje I / 00:00:00:000 / life(02) para life(4,3)(86)
Mensaje I / 00:00:00:000 / life(02) para life(4,4)(87)
Mensaje I / 00:00:00:000 / life(02) para life(4,5)(88)
Mensaje I / 00:00:00:000 / life(02) para life(4,6)(89)
Mensaje I / 00:00:00:000 / life(02) para life(4,7)(90)
Mensaje I / 00:00:00:000 / life(02) para life(4,8)(91)
Mensaje I / 00:00:00:000 / life(02) para life(4,9)(92)
Mensaje I / 00:00:00:000 / life(02) para life(4,10)(93)
Mensaje I / 00:00:00:000 / life(02) para life(4,11)(94)
Mensaje I / 00:00:00:000 / life(02) para life(4,12)(95)
Mensaje I / 00:00:00:000 / life(02) para life(4,13)(96)
Mensaje I / 00:00:00:000 / life(02) para life(4,14)(97)
Mensaje I / 00:00:00:000 / life(02) para life(4,15)(98)
Mensaje I / 00:00:00:000 / life(02) para life(4,16)(99)
Mensaje I / 00:00:00:000 / life(02) para life(4,17)(100)
Mensaje I / 00:00:00:000 / life(02) para life(4,18)(101)
Mensaje I / 00:00:00:000 / life(02) para life(4,19)(102)
Mensaje I / 00:00:00:000 / life(02) para life(5,0)(103)
Mensaje I / 00:00:00:000 / life(02) para life(5,1)(104)
Mensaje I / 00:00:00:000 / life(02) para life(5,2)(105)
Mensaje I / 00:00:00:000 / life(02) para life(5,3)(106)
Mensaje I / 00:00:00:000 / life(02) para life(5,4)(107)
Mensaje I / 00:00:00:000 / life(02) para life(5,5)(108)
Mensaje I / 00:00:00:000 / life(02) para life(5,6)(109)
Mensaje I / 00:00:00:000 / life(02) para life(5,7)(110)
Mensaje I / 00:00:00:000 / life(02) para life(5,8)(111)
Mensaje I / 00:00:00:000 / life(02) para life(5,9)(112)
Mensaje I / 00:00:00:000 / life(02) para life(5,10)(113)
Mensaje I / 00:00:00:000 / life(02) para life(5,11)(114)
Mensaje I / 00:00:00:000 / life(02) para life(5,12)(115)
Mensaje I / 00:00:00:000 / life(02) para life(5,13)(116)
Mensaje I / 00:00:00:000 / life(02) para life(5,14)(117)
Mensaje I / 00:00:00:000 / life(02) para life(5,15)(118)
Mensaje I / 00:00:00:000 / life(02) para life(5,16)(119)
Mensaje I / 00:00:00:000 / life(02) para life(5,17)(120)
Mensaje I / 00:00:00:000 / life(02) para life(5,18)(121)
Mensaje I / 00:00:00:000 / life(02) para life(5,19)(122)
Mensaje I / 00:00:00:000 / life(02) para life(6,0)(123)
Mensaje I / 00:00:00:000 / life(02) para life(6,1)(124)
Mensaje I / 00:00:00:000 / life(02) para life(6,2)(125)
Mensaje I / 00:00:00:000 / life(02) para life(6,3)(126)
Mensaje I / 00:00:00:000 / life(02) para life(6,4)(127)
Mensaje I / 00:00:00:000 / life(02) para life(6,5)(128)
Mensaje I / 00:00:00:000 / life(02) para life(6,6)(129)
Mensaje I / 00:00:00:000 / life(02) para life(6,7)(130)
Mensaje I / 00:00:00:000 / life(02) para life(6,8)(131)
Mensaje I / 00:00:00:000 / life(02) para life(6,9)(132)
Mensaje I / 00:00:00:000 / life(02) para life(6,10)(133)
Mensaje I / 00:00:00:000 / life(02) para life(6,11)(134)
Mensaje I / 00:00:00:000 / life(02) para life(6,12)(135)
Mensaje I / 00:00:00:000 / life(02) para life(6,13)(136)
Mensaje I / 00:00:00:000 / life(02) para life(6,14)(137)
Mensaje I / 00:00:00:000 / life(02) para life(6,15)(138)
Mensaje I / 00:00:00:000 / life(02) para life(6,16)(139)
Mensaje I / 00:00:00:000 / life(02) para life(6,17)(140)
Mensaje I / 00:00:00:000 / life(02) para life(6,18)(141)
Mensaje I / 00:00:00:000 / life(02) para life(6,19)(142)
Mensaje I / 00:00:00:000 / life(02) para life(7,0)(143)
Mensaje I / 00:00:00:000 / life(02) para life(7,1)(144)
Mensaje I / 00:00:00:000 / life(02) para life(7,2)(145)
Mensaje I / 00:00:00:000 / life(02) para life(7,3)(146)
Mensaje I / 00:00:00:000 / life(02) para life(7,4)(147)
Mensaje I / 00:00:00:000 / life(02) para life(7,5)(148)
Mensaje I / 00:00:00:000 / life(02) para life(7,6)(149)
Mensaje I / 00:00:00:000 / life(02) para life(7,7)(150)
Mensaje I / 00:00:00:000 / life(02) para life(7,8)(151)
Mensaje I / 00:00:00:000 / life(02) para life(7,9)(152)
Mensaje I / 00:00:00:000 / life(02) para life(7,10)(153)
Mensaje I / 00:00:00:000 / life(02) para life(7,11)(154)
Mensaje I / 00:00:00:000 / life(02) para life(7,12)(155)
Mensaje I / 00:00:00:000 / life(02) para life(7,13)(156)
Mensaje I / 00:00:00:000 / life(02) para life(7,14)(157)
Mensaje I / 00:00:00:000 / life(02) para life(7,15)(158)
Mensaje I / 00:00:00:000 / life(02) para life(7,16)(159)
Mensaje I / 00:00:00:000 / life(02) para life(7,17)(160)
Mensaje I / 00:00:00:000 / life(02) para life(7,18)(161)
Mensaje I / 00:00:00:000 / life(02) para life(7,19)(162)
Mensaje I / 00:00:00:000 / life(02) para life(8,0)(163)
Mensaje I / 00:00:00:000 / life(02) para life(8,1)(164)
Mensaje I / 00:00:00:000 / life(02) para life(8,2)(165)
Mensaje I / 00:00:00:000 / life(02) para life(8,3)(166)
Mensaje I / 00:00:00:000 / life(02) para life(8,4)(167)
Mensaje I / 00:00:00:000 / life(02) para life(8,5)(168)
Mensaje I / 00:00:00:000 / life(02) para life(8,6)(169)
Mensaje I / 00:00:00:000 / life(02) para life(8,7)(170)
Mensaje I / 00:00:00:000 / life(02) para life(8,8)(171)
Mensaje I / 00:00:00:000 / life(02) para life(8,9)(172)
Mensaje I / 00:00:00:000 / life(02) para life(8,10)(173)
Mensaje I / 00:00:00:000 / life(02) para life(8,11)(174)
Mensaje I / 00:00:00:000 / life(02) para life(8,12)(175)
Mensaje I / 00:00:00:000 / life(02) para life(8,13)(176)
Mensaje I / 00:00:00:000 / life(02) para life(8,14)(177)
Mensaje I / 00:00:00:000 / life(02) para life(8,15)(178)
Mensaje I / 00:00:00:000 / life(02) para life(8,16)(179)
Mensaje I / 00:00:00:000 / life(02) para life(8,17)(180)
Mensaje I / 00:00:00:000 / life(02) para life(8,18)(181)
Mensaje I / 00:00:00:000 / life(02) para life(8,19)(182)
Mensaje I / 00:00:00:000 / life(02) para life(9,0)(183)
Mensaje I / 00:00:00:000 / life(02) para life(9,1)(184)
Mensaje I / 00:00:00:000 / life(02) para life(9,2)(185)
Mensaje I / 00:00:00:000 / life(02) para life(9,3)(186)
Mensaje I / 00:00:00:000 / life(02) para life(9,4)(187)
Mensaje I / 00:00:00:000 / life(02) para life(9,5)(188)
Mensaje I / 00:00:00:000 / life(02) para life(9,6)(189)
Mensaje I / 00:00:00:000 / life(02) para life(9,7)(190)
Mensaje I / 00:00:00:000 / life(02) para life(9,8)(191)
Mensaje I / 00:00:00:000 / life(02) para life(9,9)(192)
Mensaje I / 00:00:00:000 / life(02) para life(9,10)(193)
Mensaje I / 00:00:00:000 / life(02) para life(9,11)(194)
Mensaje I / 00:00:00:000 / life(02) para life(9,12)(195)
Mensaje I / 00:00:00:000 / life(02) para life(9,13)(196)
Mensaje I / 00:00:00:000 / life(02) para life(9,14)(197)
Mensaje I / 00:00:00:000 / life(02) para life(9,15)(198)
Mensaje I / 00:00:00:000 / life(02) para life(9,16)(199)
Mensaje I / 00:00:00:000 / life(02) para life(9,17)(200)
Mensaje I / 00:00:00:000 / life(02) para life(9,18)(201)
Mensaje I / 00:00:00:000 / life(02) para life(9,19)(202)
Mensaje I / 00:00:00:000 / life(02) para life(10,0)(203)
Mensaje I / 00:00:00:000 / life(02) para life(10,1)(204)
Mensaje I / 00:00:00:000 / life(02) para life(10,2)(205)
Mensaje I / 00:00:00:000 / life(02) para life(10,3)(206)
Mensaje I / 00:00:00:000 / life(02) para life(10,4)(207)
Mensaje I / 00:00:00:000 / life(02) para life(10,5)(208)
Mensaje I / 00:00:00:000 / life(02) para life(10,6)(209)
Mensaje I / 00:00:00:000 / life(02) para life(10,7)(210)
Mensaje I / 00:00:00:000 / life(02) para life(10,8)(211)
Mensaje I / 00:00:00:000 / life(02) para life(10,9)(212)
Mensaje I / 00:00:00:000 / life(02) para life(10,10)(213)
Mensaje I / 00:00:00:000 / life(02) para life(10,11)(214)
Mensaje I / 00:00:00:000 / life(02) para life(10,12)(215)
Mensaje I / 00:00:00:000 / life(02) para life(10,13)(216)
Mensaje I / 00:00:00:000 / life(02) para life(10,14)(217)
Mensaje I / 00:00:00:000 / life(02) para life(10,15)(218)
Mensaje I / 00:00:00:000 / life(02) para life(10,16)(219)
Mensaje I / 00:00:00:000 / life(02) para life(10,17)(220)
Mensaje I / 00:00:00:000 / life(02) para life(10,18)(221)
Mensaje I / 00:00:00:000 / life(02) para life(10,19)(222)
Mensaje I / 00:00:00:000 / life(02) para life(11,0)(223)
Mensaje I / 00:00:00:000 / life(02) para life(11,1)(224)
Mensaje I / 00:00:00:000 / life(02) para life(11,2)(225)
Mensaje I / 00:00:00:000 / life(02) para life(11,3)(226)
Mensaje I / 00:00:00:000 / life(02) para life(11,4)(227)
Mensaje I / 00:00:00:000 / life(02) para life(11,5)(228)
Mensaje I / 00:00:00:000 / life(02) para life(11,6)(229)
Mensaje I / 00:00:00:000 / life(02) para life(11,7)(230)
Mensaje I / 00:00:00:000 / life(02) para life(11,8)(231)
Mensaje I / 00:00:00:000 / life(02) para life(11,9)(232)
Mensaje I / 00:00:00:000 / life(02) para life(11,10)(233)
Mensaje I / 00:00:00:000 / life(02) para life(11,11)(234)
Mensaje I / 00:00:00:000 / life(02) para life(11,12)(235)
Mensaje I / 00:00:00:000 / life(02) para life(11,13)(236)
Mensaje I / 00:00:00:000 / life(02) para life(11,14)(237)
Mensaje I / 00:00:00:000 / life(02) para life(11,15)(238)
Mensaje I / 00:00:00:000 / life(02) para life(11,16)(239)
Mensaje I / 00:00:00:000 / life(02) para life(11,17)(240)
Mensaje I / 00:00:00:000 / life(02) para life(11,18)(241)
Mensaje I / 00:00:00:000 / life(02) para life(11,19)(242)
Mensaje I / 00:00:00:000 / life(02) para life(12,0)(243)
Mensaje I / 00:00:00:000 / life(02) para life(12,1)(244)
Mensaje I / 00:00:00:000 / life(02) para life(12,2)(245)
Mensaje I / 00:00:00:000 / life(02) para life(12,3)(246)
Mensaje I / 00:00:00:000 / life(02) para life(12,4)(247)
Mensaje I / 00:00:00:000 / life(02) para life(12,5)(248)
Mensaje I / 00:00:00:000 / life(02) para life(12,6)(249)
Mensaje I / 00:00:00:000 / life(02) para life(12,7)(250)
Mensaje I / 00:00:00:000 / life(02) para life(12,8)(251)
Mensaje I / 00:00:00:000 / life(02) para life(12,9)(252)
Mensaje I / 00:00:00:000 / life(02) para life(12,10)(253)
Mensaje I / 00:00:00:000 / life(02) para life(12,11)(254)
Mensaje I / 00:00:00:000 / life(02) para life(12,12)(255)
Mensaje I / 00:00:00:000 / life(02) para life(12,13)(256)
Mensaje I / 00:00:00:000 / life(02) para life(12,14)(257)
Mensaje I / 00:00:00:000 / life(02) para life(12,15)(258)
Mensaje I / 00:00:00:000 / life(02) para life(12,16)(259)
Mensaje I / 00:00:00:000 / life(02) para life(12,17)(260)
Mensaje I / 00:00:00:000 / life(02) para life(12,18)(261)
Mensaje I / 00:00:00:000 / life(02) para life(12,19)(262)
Mensaje I / 00:00:00:000 / life(02) para life(13,0)(263)
Mensaje I / 00:00:00:000 / life(02) para life(13,1)(264)
Mensaje I / 00:00:00:000 / life(02) para life(13,2)(265)
Mensaje I / 00:00:00:000 / life(02) para life(13,3)(266)
Mensaje I / 00:00:00:000 / life(02) para life(13,4)(267)
Mensaje I / 00:00:00:000 / life(02) para life(13,5)(268)
Mensaje I / 00:00:00:000 / life(02) para life(13,6)(269)
Mensaje I / 00:00:00:000 / life(02) para life(13,7)(270)
Mensaje I / 00:00:00:000 / life(02) para life(13,8)(271)
Mensaje I / 00:00:00:000 / life(02) para life(13,9)(272)
Mensaje I / 00:00:00:000 / life(02) para life(13,10)(273)
Mensaje I / 00:00:00:000 / life(02) para life(13,11)(274)
Mensaje I / 00:00:00:000 / life(02) para life(13,12)(275)
Mensaje I / 00:00:00:000 / life(02) para life(13,13)(276)
Mensaje I / 00:00:00:000 / life(02) para life(13,14)(277)
Mensaje I / 00:00:00:000 / life(02) para life(13,15)(278)
Mensaje I / 00:00:00:000 / life(02) para life(13,16)(279)
Mensaje I / 00:00:00:000 / life(02) para life(13,17)(280)
Mensaje I / 00:00:00:000 / life(02) para life(13,18)(281)
Mensaje I / 00:00:00:000 / life(02) para life(13,19)(282)
Mensaje I / 00:00:00:000 / life(02) para life(14,0)(283)
Mensaje I / 00:00:00:000 / life(02) para life(14,1)(284)
Mensaje I / 00:00:00:000 / life(02) para life(14,2)(285)
Mensaje I / 00:00:00:000 / life(02) para life(14,3)(286)
Mensaje I / 00:00:00:000 / life(02) para life(14,4)(287)
Mensaje I / 00:00:00:000 / life(02) para life(14,5)(288)
Mensaje I / 00:00:00:000 / life(02) para life(14,6)(289)
Mensaje I / 00:00:00:000 / life(02) para life(14,7)(290)
Mensaje I / 00:00:00:000 / life(02) para life(14,8)(291)
Mensaje I / 00:00:00:000 / life(02) para life(14,9)(292)
Mensaje I / 00:00:00:000 / life(02) para life(14,10)(293)
Mensaje I / 00:00:00:000 / life(02) para life(14,11)(294)
Mensaje I / 00:00:00:000 / life(02) para life(14,12)(295)
Mensaje I / 00:00:00:000 / life(02) para life(14,13)(296)
Mensaje I / 00:00:00:000 / life(02) para life(14,14)(297)
Mensaje I / 00:00:00:000 / life(02) para life(14,15)(298)
Mensaje I / 00:00:00:000 / life(02) para life(14,16)(299)
Mensaje I / 00:00:00:000 / life(02) para life(14,17)(300)
Mensaje I / 00:00:00:000 / life(02) para life(14,18)(301)
Mensaje I / 00:00:00:000 / life(02) para life(14,19)(302)
Mensaje I / 00:00:00:000 / life(02) para life(15,0)(303)
Mensaje I / 00:00:00:000 / life(02) para life(15,1)(304)
Mensaje I / 00:00:00:000 / life(02) para life(15,2)(305)
Mensaje I / 00:00:00:000 / life(02) para life(15,3)(306)
Mensaje I / 00:00:00:000 / life(02) para life(15,4)(307)
Mensaje I / 00:00:00:000 / life(02) para life(15,5)(308)
Mensaje I / 00:00:00:000 / life(02) para life(15,6)(309)
Mensaje I / 00:00:00:000 / life(02) para life(15,7)(310)
Mensaje I / 00:00:00:000 / life(02) para life(15,8)(311)
Mensaje I / 00:00:00:000 / life(02) para life(15,9)(312)
Mensaje I / 00:00:00:000 / life(02) para life(15,10)(313)
Mensaje I / 00:00:00:000 / life(02) para life(15,11)(314)
Mensaje I / 00:00:00:000 / life(02) para life(15,12)(315)
Mensaje I / 00:00:00:000 / life(02) para life(15,13)(316)
Mensaje I / 00:00:00:000 / life(02) para life(15,14)(317)
Mensaje I / 00:00:00:000 / life(02) para life(15,15)(318)
Mensaje I / 00:00:00:000 / life(02) para life(15,16)(319)
Mensaje I / 00:00:00:000 / life(02) para life(15,17)(320)
Mensaje I / 00:00:00:000 / life(02) para life(15,18)(321)
Mensaje I / 00:00:00:000 / life(02) para life(15,19)(322)
Mensaje I / 00:00:00:000 / life(02) para life(16,0)(323)
Mensaje I / 00:00:00:000 / life(02) para life(16,1)(324)
Mensaje I / 00:00:00:000 / life(02) para life(16,2)(325)
Mensaje I / 00:00:00:000 / life(02) para life(16,3)(326)
Mensaje I / 00:00:00:000 / life(02) para life(16,4)(327)
Mensaje I / 00:00:00:000 / life(02) para life(16,5)(328)
Mensaje I / 00:00:00:000 / life(02) para life(16,6)(329)
Mensaje I / 00:00:00:000 / life(02) para life(16,7)(330)
Mensaje I / 00:00:00:000 / life(02) para life(16,8)(331)
Mensaje I / 00:00:00:000 / life(02) para life(16,9)(332)
Mensaje I / 00:00:00:000 / life(02) para life(16,10)(333)
Mensaje I / 00:00:00:000 / life(02) para life(16,11)(334)
Mensaje I / 00:00:00:000 / life(02) para life(16,12)(335)
Mensaje I / 00:00:00:000 / life(02) para life(16,13)(336)
Mensaje I / 00:00:00:000 / life(02) para life(16,14)(337)
Mensaje I / 00:00:00:000 / life(02) para life(16,15)(338)
Mensaje I / 00:00:00:000 / life(02) para life(16,16)(339)
Mensaje I / 00:00:00:000 / life(02) para life(16,17)(340)
Mensaje I / 00:00:00:000 / life(02) para life(16,18)(341)
Mensaje I / 00:00:00:000 / life(02) para life(16,19)(342)
Mensaje I / 00:00:00:000 / life(02) para life(17,0)(343)
Mensaje I / 00:00:00:000 / life(02) para life(17,1)(344)
Mensaje I / 00:00:00:000 / life(02) para life(17,2)(345)
Mensaje I / 00:00:00:000 / life(02) para life(17,3)(346)
Mensaje I / 00:00:00:000 / life(02) para life(17,4)(347)
Mensaje I / 00:00:00:000 / life(02) para life(17,5)(348)
Mensaje I / 00:00:00:000 / life(02) para life(17,6)(349)
Mensaje I / 00:00:00:000 / life(02) para life(17,7)(350)
Mensaje I / 00:00:00:000 / life(02) para life(17,8)(351)
Mensaje I / 00:00:00:000 / life(02) para life(17,9)(352)
Mensaje I / 00:00:00:000 / life(02) para life(17,10)(353)
Mensaje I / 00:00:00:000 / life(02) para life(17,11)(354)
Mensaje I / 00:00:00:000 / life(02) para life(17,12)(355)
Mensaje I / 00:00:00:000 / life(02) para life(17,13)(356)
Mensaje I / 00:00:00:000 / life(02) para life(17,14)(357)
Mensaje I / 00:00:00:000 / life(02) para life(17,15)(358)
Mensaje I / 00:00:00:000 / life(02) para life(17,16)(359)
Mensaje I / 00:00:00:000 / life(02) para life(17,17)(360)
Mensaje I / 00:00:00:000 / life(02) para life(17,18)(361)
Mensaje I / 00:00:00:000 / life(02) para life(17,19)(362)
Mensaje I / 00:00:00:000 / life(02) para life(18,0)(363)
Mensaje I / 00:00:00:000 / life(02) para life(18,1)(364)
Mensaje I / 00:00:00:000 / life(02) para life(18,2)(365)
Mensaje I / 00:00:00:000 / life(02) para life(18,3)(366)
Mensaje I / 00:00:00:000 / life(02) para life(18,4)(367)
Mensaje I / 00:00:00:000 / life(02) para life(18,5)(368)
Mensaje I / 00:00:00:000 / life(02) para life(18,6)(369)
Mensaje I / 00:00:00:000 / life(02) para life(18,7)(370)
Mensaje I / 00:00:00:000 / life(02) para life(18,8)(371)
Mensaje I / 00:00:00:000 / life(02) para life(18,9)(372)
Mensaje I / 00:00:00:000 / life(02) para life(18,10)(373)
Mensaje I / 00:00:00:000 / life(02) para life(18,11)(374)
Mensaje I / 00:00:00:000 / life(02) para life(18,12)(375)
Mensaje I / 00:00:00:000 / life(02) para life(18,13)(376)
Mensaje I / 00:00:00:000 / life(02) para life(18,14)(377)
Mensaje I / 00:00:00:000 / life(02) para life(18,15)(378)
Mensaje I / 00:00:00:000 / life(02) para life(18,16)(379)
Mensaje I / 00:00:00:000 / life(02) para life(18,17)(380)
Mensaje I / 00:00:00:000 / life(02) para life(18,18)(381)
Mensaje I / 00:00:00:000 / life(02) para life(18,19)(382)
Mensaje I / 00:00:00:000 / life(02) para life(19,0)(383)
Mensaje I / 00:00:00:000 / life(02) para life(19,1)(384)
Mensaje I / 00:00:00:000 / life(02) para life(19,2)(385)
Mensaje I / 00:00:00:000 / life(02) para life(19,3)(386)
Mensaje I / 00:00:00:000 / life(02) para life(19,4)(387)
Mensaje I / 00:00:00:000 / life(02) para life(19,5)(388)
Mensaje I / 00:00:00:000 / life(02) para life(19,6)(389)
Mensaje I / 00:00:00:000 / life(02) para life(19,7)(390)
Mensaje I / 00:00:00:000 / life(02) para life(19,8)(391)
Mensaje I / 00:00:00:000 / life(02) para life(19,9)(392)
Mensaje I / 00:00:00:000 / life(02) para life(19,10)(393)
Mensaje I / 00:00:00:000 / life(02) para life(19,11)(394)
Mensaje I / 00:00:00:000 / life(02) para life(19,12)(395)
Mensaje I / 00:00:00:000 / life(02) para life(19,13)(396)
Mensaje I / 00:00:00:000 / life(02) para life(19,14)(397)
Mensaje I / 00:00:00:000 / life(02) para life(19,15)(398)
Mensaje I / 00:00:00:000 / life(02) para life(19,16)(399)
Mensaje I / 00:00:00:000 / life(02) para life(19,17)(400)
Mensaje I / 00:00:00:000 / life(02) para life(19,18)(401)
Mensaje I / 00:00:00:000 / life(02) para life(19,19)(402)
Mensaje D / 00:00:00:000 / life(0,0)(03) / ... para life(02)
Mensaje D / 00:00:00:000 / life(0,1)(04) / ... para life(02)
Mensaje D / 00:00:00:000 / life(0,2)(05) / ... para life(02)
Mensaje D / 00:00:00:000 / life(0,3)(06) / ... para life(02)
Mensaje D / 00:00:00:000 / life(0,4)(07) / ... para life(02)
Mensaje D / 00:00:00:000 / life(0,5)(08) / ... para life(02)
Mensaje D / 00:00:00:000 / life(0,6)(09) / ... para life(02)
Mensaje D / 00:00:00:000 / life(0,7)(10) / ... para life(02)
Mensaje D / 00:00:00:000 / life(0,8)(11) / ... para life(02)
Mensaje D / 00:00:00:000 / life(0,9)(12) / ... para life(02)
Mensaje D / 00:00:00:000 / life(0,10)(13) / ... para life(02)
Mensaje D / 00:00:00:000 / life(0,11)(14) / ... para life(02)
Mensaje D / 00:00:00:000 / life(0,12)(15) / ... para life(02)
Mensaje D / 00:00:00:000 / life(0,13)(16) / ... para life(02)
Mensaje D / 00:00:00:000 / life(0,14)(17) / ... para life(02)
Mensaje D / 00:00:00:000 / life(0,15)(18) / ... para life(02)
Mensaje D / 00:00:00:000 / life(0,16)(19) / ... para life(02)
Mensaje D / 00:00:00:000 / life(0,17)(20) / ... para life(02)
Mensaje D / 00:00:00:000 / life(0,18)(21) / ... para life(02)
Mensaje D / 00:00:00:000 / life(0,19)(22) / ... para life(02)
Mensaje D / 00:00:00:000 / life(1,0)(23) / ... para life(02)
Mensaje D / 00:00:00:000 / life(1,1)(24) / ... para life(02)
Mensaje D / 00:00:00:000 / life(1,2)(25) / ... para life(02)
Mensaje D / 00:00:00:000 / life(1,3)(26) / ... para life(02)
Mensaje D / 00:00:00:000 / life(1,4)(27) / ... para life(02)
Mensaje D / 00:00:00:000 / life(1,5)(28) / ... para life(02)
Mensaje D / 00:00:00:000 / life(1,6)(29) / ... para life(02)
Mensaje D / 00:00:00:000 / life(1,7)(30) / ... para life(02)
Mensaje D / 00:00:00:000 / life(1,8)(31) / ... para life(02)
Mensaje D / 00:00:00:000 / life(1,9)(32) / ... para life(02)
Mensaje D / 00:00:00:000 / life(1,10)(33) / ... para life(02)
Mensaje D / 00:00:00:000 / life(1,11)(34) / ... para life(02)
Mensaje D / 00:00:00:000 / life(1,12)(35) / ... para life(02)
Mensaje D / 00:00:00:000 / life(1,13)(36) / ... para life(02)
Mensaje D / 00:00:00:000 / life(1,14)(37) / ... para life(02)
Mensaje D / 00:00:00:000 / life(1,15)(38) / ... para life(02)
Mensaje D / 00:00:00:000 / life(1,16)(39) / ... para life(02)
Mensaje D / 00:00:00:000 / life(1,17)(40) / ... para life(02)
Mensaje D / 00:00:00:000 / life(1,18)(41) / ... para life(02)
Mensaje D / 00:00:00:000 / life(1,19)(42) / ... para life(02)
Mensaje D / 00:00:00:000 / life(2,0)(43) / ... para life(02)
Mensaje D / 00:00:00:000 / life(2,1)(44) / ... para life(02)
Mensaje D / 00:00:00:000 / life(2,2)(45) / ... para life(02)
Mensaje D / 00:00:00:000 / life(2,3)(46) / ... para life(02)
Mensaje D / 00:00:00:000 / life(2,4)(47) / ... para life(02)
Mensaje D / 00:00:00:000 / life(2,5)(48) / ... para life(02)
Mensaje D / 00:00:00:000 / life(2,6)(49) / ... para life(02)
Mensaje D / 00:00:00:000 / life(2,7)(50) / ... para life(02)
Mensaje D / 00:00:00:000 / life(2,8)(51) / ... para life(02)
Mensaje D / 00:00:00:000 / life(2,9)(52) / ... para life(02)
Mensaje D / 00:00:00:000 / life(2,10)(53) / ... para life(02)
Mensaje D / 00:00:00:000 / life(2,11)(54) / ... para life(02)
Mensaje D / 00:00:00:000 / life(2,12)(55) / ... para life(02)
Mensaje D / 00:00:00:000 / life(2,13)(56) / ... para life(02)
Mensaje D / 00:00:00:000 / life(2,14)(57) / ... para life(02)
Mensaje D / 00:00:00:000 / life(2,15)(58) / ... para life(02)
Mensaje D / 00:00:00:000 / life(2,16)(59) / ... para life(02)
Mensaje D / 00:00:00:000 / life(2,17)(60) / ... para life(02)
Mensaje D / 00:00:00:000 / life(2,18)(61) / ... para life(02)
Mensaje D / 00:00:00:000 / life(2,19)(62) / ... para life(02)
Mensaje D / 00:00:00:000 / life(3,0)(63) / ... para life(02)
Mensaje D / 00:00:00:000 / life(3,1)(64) / ... para life(02)
Mensaje D / 00:00:00:000 / life(3,2)(65) / ... para life(02)
Mensaje D / 00:00:00:000 / life(3,3)(66) / ... para life(02)
Mensaje D / 00:00:00:000 / life(3,4)(67) / ... para life(02)
Mensaje D / 00:00:00:000 / life(3,5)(68) / ... para life(02)
Mensaje D / 00:00:00:000 / life(3,6)(69) / ... para life(02)
Mensaje D / 00:00:00:000 / life(3,7)(70) / ... para life(02)
Mensaje D / 00:00:00:000 / life(3,8)(71) / ... para life(02)
Mensaje D / 00:00:00:000 / life(3,9)(72) / ... para life(02)
Mensaje D / 00:00:00:000 / life(3,10)(73) / ... para life(02)
Mensaje D / 00:00:00:000 / life(3,11)(74) / ... para life(02)
Mensaje D / 00:00:00:000 / life(3,12)(75) / ... para life(02)
Mensaje D / 00:00:00:000 / life(3,13)(76) / ... para life(02)
Mensaje D / 00:00:00:000 / life(3,14)(77) / ... para life(02)
Mensaje D / 00:00:00:000 / life(3,15)(78) / ... para life(02)
Mensaje D / 00:00:00:000 / life(3,16)(79) / ... para life(02)
Mensaje D / 00:00:00:000 / life(3,17)(80) / ... para life(02)
Mensaje D / 00:00:00:000 / life(3,18)(81) / ... para life(02)
Mensaje D / 00:00:00:000 / life(3,19)(82) / ... para life(02)
Mensaje D / 00:00:00:000 / life(4,0)(83) / ... para life(02)
Mensaje D / 00:00:00:000 / life(4,1)(84) / ... para life(02)
Mensaje D / 00:00:00:000 / life(4,2)(85) / ... para life(02)
Mensaje D / 00:00:00:000 / life(4,3)(86) / ... para life(02)
Mensaje D / 00:00:00:000 / life(4,4)(87) / ... para life(02)
Mensaje D / 00:00:00:000 / life(4,5)(88) / ... para life(02)
Mensaje D / 00:00:00:000 / life(4,6)(89) / ... para life(02)
Mensaje D / 00:00:00:000 / life(4,7)(90) / ... para life(02)
Mensaje D / 00:00:00:000 / life(4,8)(91) / 00:00:00:100 para life(02)
Mensaje D / 00:00:00:000 / life(4,9)(92) / ... para life(02)
Mensaje D / 00:00:00:000 / life(4,10)(93) / ... para life(02)
Mensaje D / 00:00:00:000 / life(4,11)(94) / ... para life(02)
Mensaje D / 00:00:00:000 / life(4,12)(95) / ... para life(02)
Mensaje D / 00:00:00:000 / life(4,13)(96) / ... para life(02)
Mensaje D / 00:00:00:000 / life(4,14)(97) / ... para life(02)
Mensaje D / 00:00:00:000 / life(4,15)(98) / ... para life(02)
Mensaje D / 00:00:00:000 / life(4,16)(99) / ... para life(02)
Mensaje D / 00:00:00:000 / life(4,17)(100) / ... para life(02)
Mensaje D / 00:00:00:000 / life(4,18)(101) / ... para life(02)
Mensaje D / 00:00:00:000 / life(4,19)(102) / ... para life(02)
Mensaje D / 00:00:00:000 / life(5,0)(103) / ... para life(02)
Mensaje D / 00:00:00:000 / life(5,1)(104) / ... para life(02)
Mensaje D / 00:00:00:000 / life(5,2)(105) / ... para life(02)
Mensaje D / 00:00:00:000 / life(5,3)(106) / ... para life(02)
Mensaje D / 00:00:00:000 / life(5,4)(107) / ... para life(02)
Mensaje D / 00:00:00:000 / life(5,5)(108) / ... para life(02)
Mensaje D / 00:00:00:000 / life(5,6)(109) / ... para life(02)
Mensaje D / 00:00:00:000 / life(5,7)(110) / 00:00:00:100 para life(02)
Mensaje D / 00:00:00:000 / life(5,8)(111) / 00:00:00:100 para life(02)
Mensaje D / 00:00:00:000 / life(5,9)(112) / 00:00:00:100 para life(02)
Mensaje D / 00:00:00:000 / life(5,10)(113) / ... para life(02)
Mensaje D / 00:00:00:000 / life(5,11)(114) / ... para life(02)
Mensaje D / 00:00:00:000 / life(5,12)(115) / ... para life(02)
Mensaje D / 00:00:00:000 / life(5,13)(116) / ... para life(02)
Mensaje D / 00:00:00:000 / life(5,14)(117) / ... para life(02)
Mensaje D / 00:00:00:000 / life(5,15)(118) / ... para life(02)
Mensaje D / 00:00:00:000 / life(5,16)(119) / ... para life(02)
Mensaje D / 00:00:00:000 / life(5,17)(120) / ... para life(02)
Mensaje D / 00:00:00:000 / life(5,18)(121) / ... para life(02)
Mensaje D / 00:00:00:000 / life(5,19)(122) / ... para life(02)
Mensaje D / 00:00:00:000 / life(6,0)(123) / ... para life(02)
Mensaje D / 00:00:00:000 / life(6,1)(124) / ... para life(02)
Mensaje D / 00:00:00:000 / life(6,2)(125) / ... para life(02)
Mensaje D / 00:00:00:000 / life(6,3)(126) / ... para life(02)
Mensaje D / 00:00:00:000 / life(6,4)(127) / ... para life(02)
Mensaje D / 00:00:00:000 / life(6,5)(128) / ... para life(02)
Mensaje D / 00:00:00:000 / life(6,6)(129) / ... para life(02)
Mensaje D / 00:00:00:000 / life(6,7)(130) / 00:00:00:100 para life(02)
Mensaje D / 00:00:00:000 / life(6,8)(131) / ... para life(02)
Mensaje D / 00:00:00:000 / life(6,9)(132) / 00:00:00:100 para life(02)
Mensaje D / 00:00:00:000 / life(6,10)(133) / ... para life(02)
Mensaje D / 00:00:00:000 / life(6,11)(134) / ... para life(02)
Mensaje D / 00:00:00:000 / life(6,12)(135) / ... para life(02)
Mensaje D / 00:00:00:000 / life(6,13)(136) / ... para life(02)
Mensaje D / 00:00:00:000 / life(6,14)(137) / ... para life(02)
Mensaje D / 00:00:00:000 / life(6,15)(138) / ... para life(02)
Mensaje D / 00:00:00:000 / life(6,16)(139) / ... para life(02)
Mensaje D / 00:00:00:000 / life(6,17)(140) / ... para life(02)
Mensaje D / 00:00:00:000 / life(6,18)(141) / ... para life(02)
Mensaje D / 00:00:00:000 / life(6,19)(142) / ... para life(02)
Mensaje D / 00:00:00:000 / life(7,0)(143) / ... para life(02)
Mensaje D / 00:00:00:000 / life(7,1)(144) / ... para life(02)
Mensaje D / 00:00:00:000 / life(7,2)(145) / ... para life(02)
Mensaje D / 00:00:00:000 / life(7,3)(146) / ... para life(02)
Mensaje D / 00:00:00:000 / life(7,4)(147) / ... para life(02)
Mensaje D / 00:00:00:000 / life(7,5)(148) / 00:00:00:100 para life(02)
Mensaje D / 00:00:00:000 / life(7,6)(149) / 00:00:00:100 para life(02)
Mensaje D / 00:00:00:000 / life(7,7)(150) / 00:00:00:100 para life(02)
Mensaje D / 00:00:00:000 / life(7,8)(151) / 00:00:00:100 para life(02)
Mensaje D / 00:00:00:000 / life(7,9)(152) / 00:00:00:100 para life(02)
Mensaje D / 00:00:00:000 / life(7,10)(153) / 00:00:00:100 para life(02)
Mensaje D / 00:00:00:000 / life(7,11)(154) / 00:00:00:100 para life(02)
Mensaje D / 00:00:00:000 / life(7,12)(155) / ... para life(02)
Mensaje D / 00:00:00:000 / life(7,13)(156) / ... para life(02)
Mensaje D / 00:00:00:000 / life(7,14)(157) / ... para life(02)
Mensaje D / 00:00:00:000 / life(7,15)(158) / ... para life(02)
Mensaje D / 00:00:00:000 / life(7,16)(159) / ... para life(02)
Mensaje D / 00:00:00:000 / life(7,17)(160) / ... para life(02)
Mensaje D / 00:00:00:000 / life(7,18)(161) / ... para life(02)
Mensaje D / 00:00:00:000 / life(7,19)(162) / ... para life(02)
Mensaje D / 00:00:00:000 / life(8,0)(163) / ... para life(02)
Mensaje D / 00:00:00:000 / life(8,1)(164) / ... para life(02)
Mensaje D / 00:00:00:000 / life(8,2)(165) / ... para life(02)
Mensaje D / 00:00:00:000 / life(8,3)(166) / ... para life(02)
Mensaje D / 00:00:00:000 / life(8,4)(167) / 00:00:00:100 para life(02)
Mensaje D / 00:00:00:000 / life(8,5)(168) / 00:00:00:100 para life(02)
Mensaje D / 00:00:00:000 / life(8,6)(169) / ... para life(02)
Mensaje D / 00:00:00:000 / life(8,7)(170) / 00:00:00:100 para life(02)
Mensaje D / 00:00:00:000 / life(8,8)(171) / ... para life(02)
Mensaje D / 00:00:00:000 / life(8,9)(172) / 00:00:00:100 para life(02)
Mensaje D / 00:00:00:000 / life(8,10)(173) / ... para life(02)
Mensaje D / 00:00:00:000 / life(8,11)(174) / 00:00:00:100 para life(02)
Mensaje D / 00:00:00:000 / life(8,12)(175) / 00:00:00:100 para life(02)
Mensaje D / 00:00:00:000 / life(8,13)(176) / ... para life(02)
Mensaje D / 00:00:00:000 / life(8,14)(177) / ... para life(02)
Mensaje D / 00:00:00:000 / life(8,15)(178) / ... para life(02)
Mensaje D / 00:00:00:000 / life(8,16)(179) / ... para life(02)
Mensaje D / 00:00:00:000 / life(8,17)(180) / ... para life(02)
Mensaje D / 00:00:00:000 / life(8,18)(181) / ... para life(02)
Mensaje D / 00:00:00:000 / life(8,19)(182) / ... para life(02)
Mensaje D / 00:00:00:000 / life(9,0)(183) / ... para life(02)
Mensaje D / 00:00:00:000 / life(9,1)(184) / ... para life(02)
Mensaje D / 00:00:00:000 / life(9,2)(185) / ... para life(02)
Mensaje D / 00:00:00:000 / life(9,3)(186) / ... para life(02)
Mensaje D / 00:00:00:000 / life(9,4)(187) / ... para life(02)
Mensaje D / 00:00:00:000 / life(9,5)(188) / 00:00:00:100 para life(02)
Mensaje D / 00:00:00:000 / life(9,6)(189) / 00:00:00:100 para life(02)
Mensaje D / 00:00:00:000 / life(9,7)(190) / 00:00:00:100 para life(02)
Mensaje D / 00:00:00:000 / life(9,8)(191) / 00:00:00:100 para life(02)
Mensaje D / 00:00:00:000 / life(9,9)(192) / 00:00:00:100 para life(02)
Mensaje D / 00:00:00:000 / life(9,10)(193) / 00:00:00:100 para life(02)
Mensaje D / 00:00:00:000 / life(9,11)(194) / 00:00:00:100 para life(02)
Mensaje D / 00:00:00:000 / life(9,12)(195) / ... para life(02)
Mensaje D / 00:00:00:000 / life(9,13)(196) / ... para life(02)
Mensaje D / 00:00:00:000 / life(9,14)(197) / ... para life(02)
Mensaje D / 00:00:00:000 / life(9,15)(198) / ... para life(02)
Mensaje D / 00:00:00:000 / life(9,16)(199) / ... para life(02)
Mensaje D / 00:00:00:000 / life(9,17)(200) / ... para life(02)
Mensaje D / 00:00:00:000 / life(9,18)(201) / ... para life(02)
Mensaje D / 00:00:00:000 / life(9,19)(202) / ... para life(02)
Mensaje D / 00:00:00:000 / life(10,0)(203) / ... para life(02)
Mensaje D / 00:00:00:000 / life(10,1)(204) / ... para life(02)
Mensaje D / 00:00:00:000 / life(10,2)(205) / ... para life(02)
Mensaje D / 00:00:00:000 / life(10,3)(206) / ... para life(02)
Mensaje D / 00:00:00:000 / life(10,4)(207) / ... para life(02)
Mensaje D / 00:00:00:000 / life(10,5)(208) / ... para life(02)
Mensaje D / 00:00:00:000 / life(10,6)(209) / ... para life(02)
Mensaje D / 00:00:00:000 / life(10,7)(210) / 00:00:00:100 para life(02)
Mensaje D / 00:00:00:000 / life(10,8)(211) / ... para life(02)
Mensaje D / 00:00:00:000 / life(10,9)(212) / 00:00:00:100 para life(02)
Mensaje D / 00:00:00:000 / life(10,10)(213) / ... para life(02)
Mensaje D / 00:00:00:000 / life(10,11)(214) / ... para life(02)
Mensaje D / 00:00:00:000 / life(10,12)(215) / ... para life(02)
Mensaje D / 00:00:00:000 / life(10,13)(216) / ... para life(02)
Mensaje D / 00:00:00:000 / life(10,14)(217) / ... para life(02)
Mensaje D / 00:00:00:000 / life(10,15)(218) / ... para life(02)
Mensaje D / 00:00:00:000 / life(10,16)(219) / ... para life(02)
Mensaje D / 00:00:00:000 / life(10,17)(220) / ... para life(02)
Mensaje D / 00:00:00:000 / life(10,18)(221) / ... para life(02)
Mensaje D / 00:00:00:000 / life(10,19)(222) / ... para life(02)
Mensaje D / 00:00:00:000 / life(11,0)(223) / ... para life(02)
Mensaje D / 00:00:00:000 / life(11,1)(224) / ... para life(02)
Mensaje D / 00:00:00:000 / life(11,2)(225) / ... para life(02)
Mensaje D / 00:00:00:000 / life(11,3)(226) / ... para life(02)
Mensaje D / 00:00:00:000 / life(11,4)(227) / ... para life(02)
Mensaje D / 00:00:00:000 / life(11,5)(228) / ... para life(02)
Mensaje D / 00:00:00:000 / life(11,6)(229) / ... para life(02)
Mensaje D / 00:00:00:000 / life(11,7)(230) / 00:00:00:100 para life(02)
Mensaje D / 00:00:00:000 / life(11,8)(231) / 00:00:00:100 para life(02)
Mensaje D / 00:00:00:000 / life(11,9)(232) / 00:00:00:100 para life(02)
Mensaje D / 00:00:00:000 / life(11,10)(233) / ... para life(02)
Mensaje D / 00:00:00:000 / life(11,11)(234) / ... para life(02)
Mensaje D / 00:00:00:000 / life(11,12)(235) / ... para life(02)
Mensaje D / 00:00:00:000 / life(11,13)(236) / ... para life(02)
Mensaje D / 00:00:00:000 / life(11,14)(237) / ... para life(02)
Mensaje D / 00:00:00:000 / life(11,15)(238) / ... para life(02)
Mensaje D / 00:00:00:000 / life(11,16)(239) / ... para life(02)
Mensaje D / 00:00:00:000 / life(11,17)(240) / ... para life(02)
Mensaje D / 00:00:00:000 / life(11,18)(241) / ... para life(02)
Mensaje D / 00:00:00:000 / life(11,19)(242) / ... para life(02)
Mensaje D / 00:00:00:000 / life(12,0)(243) / ... para life(02)
Mensaje D / 00:00:00:000 / life(12,1)(244) / ... para life(02)
Mensaje D / 00:00:00:000 / life(12,2)(245) / ... para life(02)
Mensaje D / 00:00:00:000 / life(12,3)(246) / ... para life(02)
Mensaje D / 00:00:00:000 / life(12,4)(247) / ... para life(02)
Mensaje D / 00:00:00:000 / life(12,5)(248) / ... para life(02)
Mensaje D / 00:00:00:000 / life(12,6)(249) / ... para life(02)
Mensaje D / 00:00:00:000 / life(12,7)(250) / ... para life(02)
Mensaje D / 00:00:00:000 / life(12,8)(251) / 00:00:00:100 para life(02)
Mensaje D / 00:00:00:000 / life(12,9)(252) / ... para life(02)
Mensaje D / 00:00:00:000 / life(12,10)(253) / ... para life(02)
Mensaje D / 00:00:00:000 / life(12,11)(254) / ... para life(02)
Mensaje D / 00:00:00:000 / life(12,12)(255) / ... para life(02)
Mensaje D / 00:00:00:000 / life(12,13)(256) / ... para life(02)
Mensaje D / 00:00:00:000 / life(12,14)(257) / ... para life(02)
Mensaje D / 00:00:00:000 / life(12,15)(258) / ... para life(02)
Mensaje D / 00:00:00:000 / life(12,16)(259) / ... para life(02)
Mensaje D / 00:00:00:000 / life(12,17)(260) / ... para life(02)
Mensaje D / 00:00:00:000 / life(12,18)(261) / ... para life(02)
Mensaje D / 00:00:00:000 / life(12,19)(262) / ... para life(02)
Mensaje D / 00:00:00:000 / life(13,0)(263) / ... para life(02)
Mensaje D / 00:00:00:000 / life(13,1)(264) / ... para life(02)
Mensaje D / 00:00:00:000 / life(13,2)(265) / ... para life(02)
Mensaje D / 00:00:00:000 / life(13,3)(266) / ... para life(02)
Mensaje D / 00:00:00:000 / life(13,4)(267) / ... para life(02)
Mensaje D / 00:00:00:000 / life(13,5)(268) / ... para life(02)
Mensaje D / 00:00:00:000 / life(13,6)(269) / ... para life(02)
Mensaje D / 00:00:00:000 / life(13,7)(270) / ... para life(02)
Mensaje D / 00:00:00:000 / life(13,8)(271) / ... para life(02)
Mensaje D / 00:00:00:000 / life(13,9)(272) / ... para life(02)
Mensaje D / 00:00:00:000 / life(13,10)(273) / ... para life(02)
Mensaje D / 00:00:00:000 / life(13,11)(274) / ... para life(02)
Mensaje D / 00:00:00:000 / life(13,12)(275) / ... para life(02)
Mensaje D / 00:00:00:000 / life(13,13)(276) / ... para life(02)
Mensaje D / 00:00:00:000 / life(13,14)(277) / ... para life(02)
Mensaje D / 00:00:00:000 / life(13,15)(278) / ... para life(02)
Mensaje D / 00:00:00:000 / life(13,16)(279) / ... para life(02)
Mensaje D / 00:00:00:000 / life(13,17)(280) / ... para life(02)
Mensaje D / 00:00:00:000 / life(13,18)(281) / ... para life(02)
Mensaje D / 00:00:00:000 / life(13,19)(282) / ... para life(02)
Mensaje D / 00:00:00:000 / life(14,0)(283) / ... para life(02)
Mensaje D / 00:00:00:000 / life(14,1)(284) / ... para life(02)
Mensaje D / 00:00:00:000 / life(14,2)(285) / ... para life(02)
Mensaje D / 00:00:00:000 / life(14,3)(286) / ... para life(02)
Mensaje D / 00:00:00:000 / life(14,4)(287) / ... para life(02)
Mensaje D / 00:00:00:000 / life(14,5)(288) / ... para life(02)
Mensaje D / 00:00:00:000 / life(14,6)(289) / ... para life(02)
Mensaje D / 00:00:00:000 / life(14,7)(290) / ... para life(02)
Mensaje D / 00:00:00:000 / life(14,8)(291) / ... para life(02)
Mensaje D / 00:00:00:000 / life(14,9)(292) / ... para life(02)
Mensaje D / 00:00:00:000 / life(14,10)(293) / ... para life(02)
Mensaje D / 00:00:00:000 / life(14,11)(294) / ... para life(02)
Mensaje D / 00:00:00:000 / life(14,12)(295) / ... para life(02)
Mensaje D / 00:00:00:000 / life(14,13)(296) / ... para life(02)
Mensaje D / 00:00:00:000 / life(14,14)(297) / ... para life(02)
Mensaje D / 00:00:00:000 / life(14,15)(298) / ... para life(02)
Mensaje D / 00:00:00:000 / life(14,16)(299) / ... para life(02)
Mensaje D / 00:00:00:000 / life(14,17)(300) / ... para life(02)
Mensaje D / 00:00:00:000 / life(14,18)(301) / ... para life(02)
Mensaje D / 00:00:00:000 / life(14,19)(302) / ... para life(02)
Mensaje D / 00:00:00:000 / life(15,0)(303) / ... para life(02)
Mensaje D / 00:00:00:000 / life(15,1)(304) / ... para life(02)
Mensaje D / 00:00:00:000 / life(15,2)(305) / ... para life(02)
Mensaje D / 00:00:00:000 / life(15,3)(306) / ... para life(02)
Mensaje D / 00:00:00:000 / life(15,4)(307) / ... para life(02)
Mensaje D / 00:00:00:000 / life(15,5)(308) / ... para life(02)
Mensaje D / 00:00:00:000 / life(15,6)(309) / ... para life(02)
Mensaje D / 00:00:00:000 / life(15,7)(310) / ... para life(02)
Mensaje D / 00:00:00:000 / life(15,8)(311) / ... para life(02)
Mensaje D / 00:00:00:000 / life(15,9)(312) / ... para life(02)
Mensaje D / 00:00:00:000 / life(15,10)(313) / ... para life(02)
Mensaje D / 00:00:00:000 / life(15,11)(314) / ... para life(02)
Mensaje D / 00:00:00:000 / life(15,12)(315) / ... para life(02)
Mensaje D / 00:00:00:000 / life(15,13)(316) / ... para life(02)
Mensaje D / 00:00:00:000 / life(15,14)(317) / ... para life(02)
Mensaje D / 00:00:00:000 / life(15,15)(318) / ... para life(02)
Mensaje D / 00:00:00:000 / life(15,16)(319) / ... para life(02)
Mensaje D / 00:00:00:000 / life(15,17)(320) / ... para life(02)
Mensaje D / 00:00:00:000 / life(15,18)(321) / ... para life(02)
Mensaje D / 00:00:00:000 / life(15,19)(322) / ... para life(02)
Mensaje D / 00:00:00:000 / life(16,0)(323) / ... para life(02)
Mensaje D / 00:00:00:000 / life(16,1)(324) / ... para life(02)
Mensaje D / 00:00:00:000 / life(16,2)(325) / ... para life(02)
Mensaje D / 00:00:00:000 / life(16,3)(326) / ... para life(02)
Mensaje D / 00:00:00:000 / life(16,4)(327) / ... para life(02)
Mensaje D / 00:00:00:000 / life(16,5)(328) / ... para life(02)
Mensaje D / 00:00:00:000 / life(16,6)(329) / ... para life(02)
Mensaje D / 00:00:00:000 / life(16,7)(330) / ... para life(02)
Mensaje D / 00:00:00:000 / life(16,8)(331) / ... para life(02)
Mensaje D / 00:00:00:000 / life(16,9)(332) / ... para life(02)
Mensaje D / 00:00:00:000 / life(16,10)(333) / ... para life(02)
Mensaje D / 00:00:00:000 / life(16,11)(334) / ... para life(02)
Mensaje D / 00:00:00:000 / life(16,12)(335) / ... para life(02)
Mensaje D / 00:00:00:000 / life(16,13)(336) / ... para life(02)
Mensaje D / 00:00:00:000 / life(16,14)(337) / ... para life(02)
Mensaje D / 00:00:00:000 / life(16,15)(338) / ... para life(02)
Mensaje D / 00:00:00:000 / life(16,16)(339) / ... para life(02)
Mensaje D / 00:00:00:000 / life(16,17)(340) / ... para life(02)
Mensaje D / 00:00:00:000 / life(16,18)(341) / ... para life(02)
Mensaje D / 00:00:00:000 / life(16,19)(342) / ... para life(02)
Mensaje D / 00:00:00:000 / life(17,0)(343) / ... para life(02)
Mensaje D / 00:00:00:000 / life(17,1)(344) / ... para life(02)
Mensaje D / 00:00:00:000 / life(17,2)(345) / ... para life(02)
Mensaje D / 00:00:00:000 / life(17,3)(346) / ... para life(02)
Mensaje D / 00:00:00:000 / life(17,4)(347) / ... para life(02)
Mensaje D / 00:00:00:000 / life(17,5)(348) / ... para life(02)
Mensaje D / 00:00:00:000 / life(17,6)(349) / ... para life(02)
Mensaje D / 00:00:00:000 / life(17,7)(350) / ... para life(02)
Mensaje D / 00:00:00:000 / life(17,8)(351) / ... para life(02)
Mensaje D / 00:00:00:000 / life(17,9)(352) / ... para life(02)
Mensaje D / 00:00:00:000 / life(17,10)(353) / ... para life(02)
Mensaje D / 00:00:00:000 / life(17,11)(354) / ... para life(02)
Mensaje D / 00:00:00:000 / life(17,12)(355) / ... para life(02)
Mensaje D / 00:00:00:000 / life(17,13)(356) / ... para life(02)
Mensaje D / 00:00:00:000 / life(17,14)(357) / ... para life(02)
Mensaje D / 00:00:00:000 / life(17,15)(358) / ... para life(02)
Mensaje D / 00:00:00:000 / life(17,16)(359) / ... para life(02)
Mensaje D / 00:00:00:000 / life(17,17)(360) / ... para life(02)
Mensaje D / 00:00:00:000 / life(17,18)(361) / ... para life(02)
Mensaje D / 00:00:00:000 / life(17,19)(362) / ... para life(02)
Mensaje D / 00:00:00:000 / life(18,0)(363) / ... para life(02)
Mensaje D / 00:00:00:000 / life(18,1)(364) / ... para life(02)
Mensaje D / 00:00:00:000 / life(18,2)(365) / ... para life(02)
Mensaje D / 00:00:00:000 / life(18,3)(366) / ... para life(02)
Mensaje D / 00:00:00:000 / life(18,4)(367) / ... para life(02)
Mensaje D / 00:00:00:000 / life(18,5)(368) / ... para life(02)
Mensaje D / 00:00:00:000 / life(18,6)(369) / ... para life(02)
Mensaje D / 00:00:00:000 / life(18,7)(370) / ... para life(02)
Mensaje D / 00:00:00:000 / life(18,8)(371) / ... para life(02)
Mensaje D / 00:00:00:000 / life(18,9)(372) / ... para life(02)
Mensaje D / 00:00:00:000 / life(18,10)(373) / ... para life(02)
Mensaje D / 00:00:00:000 / life(18,11)(374) / ... para life(02)
Mensaje D / 00:00:00:000 / life(18,12)(375) / ... para life(02)
Mensaje D / 00:00:00:000 / life(18,13)(376) / ... para life(02)
Mensaje D / 00:00:00:000 / life(18,14)(377) / ... para life(02)
Mensaje D / 00:00:00:000 / life(18,15)(378) / ... para life(02)
Mensaje D / 00:00:00:000 / life(18,16)(379) / ... para life(02)
Mensaje D / 00:00:00:000 / life(18,17)(380) / ... para life(02)
Mensaje D / 00:00:00:000 / life(18,18)(381) / ... para life(02)
Mensaje D / 00:00:00:000 / life(18,19)(382) / ... para life(02)
Mensaje D / 00:00:00:000 / life(19,0)(383) / ... para life(02)
Mensaje D / 00:00:00:000 / life(19,1)(384) / ... para life(02)
Mensaje D / 00:00:00:000 / life(19,2)(385) / ... para life(02)
Mensaje D / 00:00:00:000 / life(19,3)(386) / ... para life(02)
Mensaje D / 00:00:00:000 / life(19,4)(387) / ... para life(02)
Mensaje D / 00:00:00:000 / life(19,5)(388) / ... para life(02)
Mensaje D / 00:00:00:000 / life(19,6)(389) / ... para life(02)
Mensaje D / 00:00:00:000 / life(19,7)(390) / ... para life(02)
Mensaje D / 00:00:00:000 / life(19,8)(391) / ... para life(02)
Mensaje D / 00:00:00:000 / life(19,9)(392) / ... para life(02)
Mensaje D / 00:00:00:000 / life(19,10)(393) / ... para life(02)
Mensaje D / 00:00:00:000 / life(19,11)(394) / ... para life(02)
Mensaje D / 00:00:00:000 / life(19,12)(395) / ... para life(02)
Mensaje D / 00:00:00:000 / life(19,13)(396) / ... para life(02)
Mensaje D / 00:00:00:000 / life(19,14)(397) / ... para life(02)
Mensaje D / 00:00:00:000 / life(19,15)(398) / ... para life(02)
Mensaje D / 00:00:00:000 / life(19,16)(399) / ... para life(02)
Mensaje D / 00:00:00:000 / life(19,17)(400) / ... para life(02)
Mensaje D / 00:00:00:000 / life(19,18)(401) / ... para life(02)
Mensaje D / 00:00:00:000 / life(19,19)(402) / ... para life(02)
Mensaje D / 00:00:00:000 / life(02) / 00:00:00:100 para top(01)
Mensaje D / 00:00:00:000 / top(01) / 00:00:00:100 para Root(00)
Mensaje * / 00:00:00:100 / Root(00) para top(01)
Mensaje * / 00:00:00:100 / top(01) para life(02)
Mensaje * / 00:00:00:100 / life(02) para life(4,8)(91)
Mensaje * / 00:00:00:100 / life(02) para life(5,7)(110)
Mensaje * / 00:00:00:100 / life(02) para life(5,8)(111)
Mensaje * / 00:00:00:100 / life(02) para life(5,9)(112)
Mensaje * / 00:00:00:100 / life(02) para life(6,7)(130)
Mensaje * / 00:00:00:100 / life(02) para life(6,9)(132)
Mensaje * / 00:00:00:100 / life(02) para life(7,5)(148)
Mensaje * / 00:00:00:100 / life(02) para life(7,6)(149)
Mensaje * / 00:00:00:100 / life(02) para life(7,7)(150)
Mensaje * / 00:00:00:100 / life(02) para life(7,8)(151)
Mensaje * / 00:00:00:100 / life(02) para life(7,9)(152)
Mensaje * / 00:00:00:100 / life(02) para life(7,10)(153)
Mensaje * / 00:00:00:100 / life(02) para life(7,11)(154)
Mensaje * / 00:00:00:100 / life(02) para life(8,4)(167)
Mensaje * / 00:00:00:100 / life(02) para life(8,5)(168)
Mensaje * / 00:00:00:100 / life(02) para life(8,7)(170)
Mensaje * / 00:00:00:100 / life(02) para life(8,9)(172)
Mensaje * / 00:00:00:100 / life(02) para life(8,11)(174)
Mensaje * / 00:00:00:100 / life(02) para life(8,12)(175)
Mensaje * / 00:00:00:100 / life(02) para life(9,5)(188)
Mensaje * / 00:00:00:100 / life(02) para life(9,6)(189)
Mensaje * / 00:00:00:100 / life(02) para life(9,7)(190)
Mensaje * / 00:00:00:100 / life(02) para life(9,8)(191)
Mensaje * / 00:00:00:100 / life(02) para life(9,9)(192)
Mensaje * / 00:00:00:100 / life(02) para life(9,10)(193)
Mensaje * / 00:00:00:100 / life(02) para life(9,11)(194)
Mensaje * / 00:00:00:100 / life(02) para life(10,7)(210)
Mensaje * / 00:00:00:100 / life(02) para life(10,9)(212)
Mensaje * / 00:00:00:100 / life(02) para life(11,7)(230)
Mensaje * / 00:00:00:100 / life(02) para life(11,8)(231)
Mensaje * / 00:00:00:100 / life(02) para life(11,9)(232)
Mensaje * / 00:00:00:100 / life(02) para life(12,8)(251)
Mensaje Y / 00:00:00:100 / life(4,8)(91) / out /      1.00000 para life(02)
Mensaje D / 00:00:00:100 / life(4,8)(91) / ... para life(02)
Mensaje Y / 00:00:00:100 / life(5,7)(110) / out /      0.00000 para life(02)
Mensaje D / 00:00:00:100 / life(5,7)(110) / ... para life(02)
Mensaje Y / 00:00:00:100 / life(5,8)(111) / out /      0.00000 para life(02)
Mensaje D / 00:00:00:100 / life(5,8)(111) / ... para life(02)
Mensaje Y / 00:00:00:100 / life(5,9)(112) / out /      0.00000 para life(02)
Mensaje D / 00:00:00:100 / life(5,9)(112) / ... para life(02)
Mensaje Y / 00:00:00:100 / life(6,7)(130) / out /      1.00000 para life(02)
Mensaje D / 00:00:00:100 / life(6,7)(130) / ... para life(02)
Mensaje Y / 00:00:00:100 / life(6,9)(132) / out /      1.00000 para life(02)
Mensaje D / 00:00:00:100 / life(6,9)(132) / ... para life(02)
Mensaje Y / 00:00:00:100 / life(7,5)(148) / out /      0.00000 para life(02)
Mensaje D / 00:00:00:100 / life(7,5)(148) / ... para life(02)
Mensaje Y / 00:00:00:100 / life(7,6)(149) / out /      1.00000 para life(02)
Mensaje D / 00:00:00:100 / life(7,6)(149) / ... para life(02)
Mensaje Y / 00:00:00:100 / life(7,7)(150) / out /      1.00000 para life(02)
Mensaje D / 00:00:00:100 / life(7,7)(150) / ... para life(02)
Mensaje Y / 00:00:00:100 / life(7,8)(151) / out /      0.00000 para life(02)
Mensaje D / 00:00:00:100 / life(7,8)(151) / ... para life(02)
Mensaje Y / 00:00:00:100 / life(7,9)(152) / out /      1.00000 para life(02)
Mensaje D / 00:00:00:100 / life(7,9)(152) / ... para life(02)
Mensaje Y / 00:00:00:100 / life(7,10)(153) / out /      1.00000 para life(02)
Mensaje D / 00:00:00:100 / life(7,10)(153) / ... para life(02)
Mensaje Y / 00:00:00:100 / life(7,11)(154) / out /      0.00000 para life(02)
Mensaje D / 00:00:00:100 / life(7,11)(154) / ... para life(02)
Mensaje Y / 00:00:00:100 / life(8,4)(167) / out /      1.00000 para life(02)
Mensaje D / 00:00:00:100 / life(8,4)(167) / ... para life(02)
Mensaje Y / 00:00:00:100 / life(8,5)(168) / out /      0.00000 para life(02)
Mensaje D / 00:00:00:100 / life(8,5)(168) / ... para life(02)
Mensaje Y / 00:00:00:100 / life(8,7)(170) / out /      0.00000 para life(02)
Mensaje D / 00:00:00:100 / life(8,7)(170) / ... para life(02)
Mensaje Y / 00:00:00:100 / life(8,9)(172) / out /      0.00000 para life(02)
Mensaje D / 00:00:00:100 / life(8,9)(172) / ... para life(02)
Mensaje Y / 00:00:00:100 / life(8,11)(174) / out /      0.00000 para life(02)
Mensaje D / 00:00:00:100 / life(8,11)(174) / ... para life(02)
Mensaje Y / 00:00:00:100 / life(8,12)(175) / out /      1.00000 para life(02)
Mensaje D / 00:00:00:100 / life(8,12)(175) / ... para life(02)
Mensaje Y / 00:00:00:100 / life(9,5)(188) / out /      0.00000 para life(02)
Mensaje D / 00:00:00:100 / life(9,5)(188) / ... para life(02)
Mensaje Y / 00:00:00:100 / life(9,6)(189) / out /      1.00000 para life(02)
Mensaje D / 00:00:00:100 / life(9,6)(189) / ... para life(02)
Mensaje Y / 00:00:00:100 / life(9,7)(190) / out /      1.00000 para life(02)
Mensaje D / 00:00:00:100 / life(9,7)(190) / ... para life(02)
Mensaje Y / 00:00:00:100 / life(9,8)(191) / out /      0.00000 para life(02)
Mensaje D / 00:00:00:100 / life(9,8)(191) / ... para life(02)
Mensaje Y / 00:00:00:100 / life(9,9)(192) / out /      1.00000 para life(02)
Mensaje D / 00:00:00:100 / life(9,9)(192) / ... para life(02)
Mensaje Y / 00:00:00:100 / life(9,10)(193) / out /      1.00000 para life(02)
Mensaje D / 00:00:00:100 / life(9,10)(193) / ... para life(02)
Mensaje Y / 00:00:00:100 / life(9,11)(194) / out /      0.00000 para life(02)
Mensaje D / 00:00:00:100 / life(9,11)(194) / ... para life(02)
Mensaje Y / 00:00:00:100 / life(10,7)(210) / out /      1.00000 para life(02)
Mensaje D / 00:00:00:100 / life(10,7)(210) / ... para life(02)
Mensaje Y / 00:00:00:100 / life(10,9)(212) / out /      1.00000 para life(02)
Mensaje D / 00:00:00:100 / life(10,9)(212) / ... para life(02)
Mensaje Y / 00:00:00:100 / life(11,7)(230) / out /      0.00000 para life(02)
Mensaje D / 00:00:00:100 / life(11,7)(230) / ... para life(02)
Mensaje Y / 00:00:00:100 / life(11,8)(231) / out /      0.00000 para life(02)
Mensaje D / 00:00:00:100 / life(11,8)(231) / ... para life(02)
Mensaje Y / 00:00:00:100 / life(11,9)(232) / out /      0.00000 para life(02)
Mensaje D / 00:00:00:100 / life(11,9)(232) / ... para life(02)
Mensaje Y / 00:00:00:100 / life(12,8)(251) / out /      1.00000 para life(02)
Mensaje D / 00:00:00:100 / life(12,8)(251) / ... para life(02)
Mensaje X / 00:00:00:100 / life(02) / neighborchange /      1.00000 para life(3,7)(70)
Mensaje X / 00:00:00:100 / life(02) / neighborchange /      1.00000 para life(3,8)(71)
Mensaje X / 00:00:00:100 / life(02) / neighborchange /      1.00000 para life(3,9)(72)
Mensaje X / 00:00:00:100 / life(02) / neighborchange /      1.00000 para life(4,7)(90)
Mensaje X / 00:00:00:100 / life(02) / neighborchange /      1.00000 para life(4,8)(91)
Mensaje X / 00:00:00:100 / life(02) / neighborchange /      1.00000 para life(4,9)(92)
Mensaje X / 00:00:00:100 / life(02) / neighborchange /      1.00000 para life(5,7)(110)
Mensaje X / 00:00:00:100 / life(02) / neighborchange /      1.00000 para life(5,8)(111)
Mensaje X / 00:00:00:100 / life(02) / neighborchange /      1.00000 para life(5,9)(112)
Mensaje X / 00:00:00:100 / life(02) / neighborchange /      0.00000 para life(4,6)(89)
Mensaje X / 00:00:00:100 / life(02) / neighborchange /      0.00000 para life(5,6)(109)
Mensaje X / 00:00:00:100 / life(02) / neighborchange /      0.00000 para life(6,6)(129)
Mensaje X / 00:00:00:100 / life(02) / neighborchange /      0.00000 para life(6,7)(130)
Mensaje X / 00:00:00:100 / life(02) / neighborchange /      0.00000 para life(6,8)(131)
Mensaje X / 00:00:00:100 / life(02) / neighborchange /      0.00000 para life(6,9)(132)
Mensaje X / 00:00:00:100 / life(02) / neighborchange /      0.00000 para life(4,10)(93)
Mensaje X / 00:00:00:100 / life(02) / neighborchange /      0.00000 para life(5,10)(113)
Mensaje X / 00:00:00:100 / life(02) / neighborchange /      0.00000 para life(6,10)(133)
Mensaje X / 00:00:00:100 / life(02) / neighborchange /      1.00000 para life(7,6)(149)
Mensaje X / 00:00:00:100 / life(02) / neighborchange /      1.00000 para life(7,7)(150)
Mensaje X / 00:00:00:100 / life(02) / neighborchange /      1.00000 para life(7,8)(151)
Mensaje X / 00:00:00:100 / life(02) / neighborchange /      1.00000 para life(7,9)(152)
Mensaje X / 00:00:00:100 / life(02) / neighborchange /      1.00000 para life(7,10)(153)
Mensaje X / 00:00:00:100 / life(02) / neighborchange /      0.00000 para life(6,4)(127)
Mensaje X / 00:00:00:100 / life(02) / neighborchange /      0.00000 para life(6,5)(128)
Mensaje X / 00:00:00:100 / life(02) / neighborchange /      0.00000 para life(7,4)(147)
Mensaje X / 00:00:00:100 / life(02) / neighborchange /      0.00000 para life(7,5)(148)
Mensaje X / 00:00:00:100 / life(02) / neighborchange /      0.00000 para life(8,4)(167)
Mensaje X / 00:00:00:100 / life(02) / neighborchange /      0.00000 para life(8,5)(168)
Mensaje X / 00:00:00:100 / life(02) / neighborchange /      0.00000 para life(8,6)(169)
Mensaje X / 00:00:00:100 / life(02) / neighborchange /      1.00000 para life(8,7)(170)
Mensaje X / 00:00:00:100 / life(02) / neighborchange /      1.00000 para life(8,8)(171)
Mensaje X / 00:00:00:100 / life(02) / neighborchange /      0.00000 para life(8,9)(172)
Mensaje X / 00:00:00:100 / life(02) / neighborchange /      1.00000 para life(8,10)(173)
Mensaje X / 00:00:00:100 / life(02) / neighborchange /      1.00000 para life(6,11)(134)
Mensaje X / 00:00:00:100 / life(02) / neighborchange /      1.00000 para life(7,11)(154)
Mensaje X / 00:00:00:100 / life(02) / neighborchange /      1.00000 para life(8,11)(174)
Mensaje X / 00:00:00:100 / life(02) / neighborchange /      0.00000 para life(6,12)(135)
Mensaje X / 00:00:00:100 / life(02) / neighborchange /      0.00000 para life(7,12)(155)
Mensaje X / 00:00:00:100 / life(02) / neighborchange /      0.00000 para life(8,12)(175)
Mensaje X / 00:00:00:100 / life(02) / neighborchange /      1.00000 para life(7,3)(146)
Mensaje X / 00:00:00:100 / life(02) / neighborchange /      1.00000 para life(8,3)(166)
Mensaje X / 00:00:00:100 / life(02) / neighborchange /      1.00000 para life(9,3)(186)
Mensaje X / 00:00:00:100 / life(02) / neighborchange /      1.00000 para life(9,4)(187)
Mensaje X / 00:00:00:100 / life(02) / neighborchange /      1.00000 para life(9,5)(188)
Mensaje X / 00:00:00:100 / life(02) / neighborchange /      0.00000 para life(9,6)(189)
Mensaje X / 00:00:00:100 / life(02) / neighborchange /      0.00000 para life(9,7)(190)
Mensaje X / 00:00:00:100 / life(02) / neighborchange /      0.00000 para life(9,8)(191)
Mensaje X / 00:00:00:100 / life(02) / neighborchange /      0.00000 para life(9,9)(192)
Mensaje X / 00:00:00:100 / life(02) / neighborchange /      0.00000 para life(9,10)(193)
Mensaje X / 00:00:00:100 / life(02) / neighborchange /      0.00000 para life(9,11)(194)
Mensaje X / 00:00:00:100 / life(02) / neighborchange /      0.00000 para life(9,12)(195)
Mensaje X / 00:00:00:100 / life(02) / neighborchange /      1.00000 para life(7,13)(156)
Mensaje X / 00:00:00:100 / life(02) / neighborchange /      1.00000 para life(8,13)(176)
Mensaje X / 00:00:00:100 / life(02) / neighborchange /      1.00000 para life(9,13)(196)
Mensaje X / 00:00:00:100 / life(02) / neighborchange /      0.00000 para life(10,4)(207)
Mensaje X / 00:00:00:100 / life(02) / neighborchange /      0.00000 para life(10,5)(208)
Mensaje X / 00:00:00:100 / life(02) / neighborchange /      0.00000 para life(10,6)(209)
Mensaje X / 00:00:00:100 / life(02) / neighborchange /      1.00000 para life(10,7)(210)
Mensaje X / 00:00:00:100 / life(02) / neighborchange /      1.00000 para life(10,8)(211)
Mensaje X / 00:00:00:100 / life(02) / neighborchange /      0.00000 para life(10,9)(212)
Mensaje X / 00:00:00:100 / life(02) / neighborchange /      1.00000 para life(10,10)(213)
Mensaje X / 00:00:00:100 / life(02) / neighborchange /      1.00000 para life(10,11)(214)
Mensaje X / 00:00:00:100 / life(02) / neighborchange /      0.00000 para life(10,12)(215)
Mensaje X / 00:00:00:100 / life(02) / neighborchange /      1.00000 para life(11,6)(229)
Mensaje X / 00:00:00:100 / life(02) / neighborchange /      1.00000 para life(11,7)(230)
Mensaje X / 00:00:00:100 / life(02) / neighborchange /      1.00000 para life(11,8)(231)
Mensaje X / 00:00:00:100 / life(02) / neighborchange /      1.00000 para life(11,9)(232)
Mensaje X / 00:00:00:100 / life(02) / neighborchange /      1.00000 para life(11,10)(233)
Mensaje X / 00:00:00:100 / life(02) / neighborchange /      0.00000 para life(12,6)(249)
Mensaje X / 00:00:00:100 / life(02) / neighborchange /      0.00000 para life(12,7)(250)
Mensaje X / 00:00:00:100 / life(02) / neighborchange /      0.00000 para life(12,8)(251)
Mensaje X / 00:00:00:100 / life(02) / neighborchange /      0.00000 para life(12,9)(252)
Mensaje X / 00:00:00:100 / life(02) / neighborchange /      0.00000 para life(12,10)(253)
Mensaje X / 00:00:00:100 / life(02) / neighborchange /      1.00000 para life(13,7)(270)
Mensaje X / 00:00:00:100 / life(02) / neighborchange /      1.00000 para life(13,8)(271)
Mensaje X / 00:00:00:100 / life(02) / neighborchange /      1.00000 para life(13,9)(272)
Mensaje D / 00:00:00:100 / life(3,7)(70) / ... para life(02)
Mensaje D / 00:00:00:100 / life(3,8)(71) / ... para life(02)
Mensaje D / 00:00:00:100 / life(3,9)(72) / ... para life(02)
Mensaje D / 00:00:00:100 / life(4,7)(90) / ... para life(02)
Mensaje D / 00:00:00:100 / life(4,8)(91) / 00:00:00:100 para life(02)
Mensaje D / 00:00:00:100 / life(4,9)(92) / ... para life(02)
Mensaje D / 00:00:00:100 / life(5,7)(110) / ... para life(02)
Mensaje D / 00:00:00:100 / life(5,8)(111) / 00:00:00:100 para life(02)
Mensaje D / 00:00:00:100 / life(5,9)(112) / ... para life(02)
Mensaje D / 00:00:00:100 / life(4,6)(89) / ... para life(02)
Mensaje D / 00:00:00:100 / life(5,6)(109) / ... para life(02)
Mensaje D / 00:00:00:100 / life(6,6)(129) / 00:00:00:100 para life(02)
Mensaje D / 00:00:00:100 / life(6,7)(130) / 00:00:00:100 para life(02)
Mensaje D / 00:00:00:100 / life(6,8)(131) / ... para life(02)
Mensaje D / 00:00:00:100 / life(6,9)(132) / 00:00:00:100 para life(02)
Mensaje D / 00:00:00:100 / life(4,10)(93) / ... para life(02)
Mensaje D / 00:00:00:100 / life(5,10)(113) / ... para life(02)
Mensaje D / 00:00:00:100 / life(6,10)(133) / 00:00:00:100 para life(02)
Mensaje D / 00:00:00:100 / life(7,6)(149) / 00:00:00:100 para life(02)
Mensaje D / 00:00:00:100 / life(7,7)(150) / 00:00:00:100 para life(02)
Mensaje D / 00:00:00:100 / life(7,8)(151) / ... para life(02)
Mensaje D / 00:00:00:100 / life(7,9)(152) / 00:00:00:100 para life(02)
Mensaje D / 00:00:00:100 / life(7,10)(153) / 00:00:00:100 para life(02)
Mensaje D / 00:00:00:100 / life(6,4)(127) / ... para life(02)
Mensaje D / 00:00:00:100 / life(6,5)(128) / ... para life(02)
Mensaje D / 00:00:00:100 / life(7,4)(147) / ... para life(02)
Mensaje D / 00:00:00:100 / life(7,5)(148) / ... para life(02)
Mensaje D / 00:00:00:100 / life(8,4)(167) / 00:00:00:100 para life(02)
Mensaje D / 00:00:00:100 / life(8,5)(168) / 00:00:00:100 para life(02)
Mensaje D / 00:00:00:100 / life(8,6)(169) / ... para life(02)
Mensaje D / 00:00:00:100 / life(8,7)(170) / ... para life(02)
Mensaje D / 00:00:00:100 / life(8,8)(171) / ... para life(02)
Mensaje D / 00:00:00:100 / life(8,9)(172) / ... para life(02)
Mensaje D / 00:00:00:100 / life(8,10)(173) / ... para life(02)
Mensaje D / 00:00:00:100 / life(6,11)(134) / ... para life(02)
Mensaje D / 00:00:00:100 / life(7,11)(154) / ... para life(02)
Mensaje D / 00:00:00:100 / life(8,11)(174) / 00:00:00:100 para life(02)
Mensaje D / 00:00:00:100 / life(6,12)(135) / ... para life(02)
Mensaje D / 00:00:00:100 / life(7,12)(155) / ... para life(02)
Mensaje D / 00:00:00:100 / life(8,12)(175) / 00:00:00:100 para life(02)
Mensaje D / 00:00:00:100 / life(7,3)(146) / ... para life(02)
Mensaje D / 00:00:00:100 / life(8,3)(166) / ... para life(02)
Mensaje D / 00:00:00:100 / life(9,3)(186) / ... para life(02)
Mensaje D / 00:00:00:100 / life(9,4)(187) / ... para life(02)
Mensaje D / 00:00:00:100 / life(9,5)(188) / ... para life(02)
Mensaje D / 00:00:00:100 / life(9,6)(189) / 00:00:00:100 para life(02)
Mensaje D / 00:00:00:100 / life(9,7)(190) / 00:00:00:100 para life(02)
Mensaje D / 00:00:00:100 / life(9,8)(191) / ... para life(02)
Mensaje D / 00:00:00:100 / life(9,9)(192) / 00:00:00:100 para life(02)
Mensaje D / 00:00:00:100 / life(9,10)(193) / 00:00:00:100 para life(02)
Mensaje D / 00:00:00:100 / life(9,11)(194) / ... para life(02)
Mensaje D / 00:00:00:100 / life(9,12)(195) / ... para life(02)
Mensaje D / 00:00:00:100 / life(7,13)(156) / ... para life(02)
Mensaje D / 00:00:00:100 / life(8,13)(176) / ... para life(02)
Mensaje D / 00:00:00:100 / life(9,13)(196) / ... para life(02)
Mensaje D / 00:00:00:100 / life(10,4)(207) / ... para life(02)
Mensaje D / 00:00:00:100 / life(10,5)(208) / ... para life(02)
Mensaje D / 00:00:00:100 / life(10,6)(209) / 00:00:00:100 para life(02)
Mensaje D / 00:00:00:100 / life(10,7)(210) / 00:00:00:100 para life(02)
Mensaje D / 00:00:00:100 / life(10,8)(211) / ... para life(02)
Mensaje D / 00:00:00:100 / life(10,9)(212) / 00:00:00:100 para life(02)
Mensaje D / 00:00:00:100 / life(10,10)(213) / 00:00:00:100 para life(02)
Mensaje D / 00:00:00:100 / life(10,11)(214) / ... para life(02)
Mensaje D / 00:00:00:100 / life(10,12)(215) / ... para life(02)
Mensaje D / 00:00:00:100 / life(11,6)(229) / ... para life(02)
Mensaje D / 00:00:00:100 / life(11,7)(230) / ... para life(02)
Mensaje D / 00:00:00:100 / life(11,8)(231) / 00:00:00:100 para life(02)
Mensaje D / 00:00:00:100 / life(11,9)(232) / ... para life(02)
Mensaje D / 00:00:00:100 / life(11,10)(233) / ... para life(02)
Mensaje D / 00:00:00:100 / life(12,6)(249) / ... para life(02)
Mensaje D / 00:00:00:100 / life(12,7)(250) / ... para life(02)
Mensaje D / 00:00:00:100 / life(12,8)(251) / 00:00:00:100 para life(02)
Mensaje D / 00:00:00:100 / life(12,9)(252) / ... para life(02)
Mensaje D / 00:00:00:100 / life(12,10)(253) / ... para life(02)
Mensaje D / 00:00:00:100 / life(13,7)(270) / ... para life(02)
Mensaje D / 00:00:00:100 / life(13,8)(271) / ... para life(02)
Mensaje D / 00:00:00:100 / life(13,9)(272) / ... para life(02)
Mensaje D / 00:00:00:100 / life(02) / 00:00:00:100 para top(01)
Mensaje D / 00:00:00:100 / top(01) / 00:00:00:100 para Root(00)
Mensaje * / 00:00:00:200 / Root(00) para top(01)
Mensaje * / 00:00:00:200 / top(01) para life(02)
Mensaje * / 00:00:00:200 / life(02) para life(4,8)(91)
Mensaje * / 00:00:00:200 / life(02) para life(5,8)(111)
Mensaje * / 00:00:00:200 / life(02) para life(6,6)(129)
Mensaje * / 00:00:00:200 / life(02) para life(6,7)(130)
Mensaje * / 00:00:00:200 / life(02) para life(6,9)(132)
Mensaje * / 00:00:00:200 / life(02) para life(6,10)(133)
Mensaje * / 00:00:00:200 / life(02) para life(7,6)(149)
Mensaje * / 00:00:00:200 / life(02) para life(7,7)(150)
Mensaje * / 00:00:00:200 / life(02) para life(7,9)(152)
Mensaje * / 00:00:00:200 / life(02) para life(7,10)(153)
Mensaje * / 00:00:00:200 / life(02) para life(8,4)(167)
Mensaje * / 00:00:00:200 / life(02) para life(8,5)(168)
Mensaje * / 00:00:00:200 / life(02) para life(8,11)(174)
Mensaje * / 00:00:00:200 / life(02) para life(8,12)(175)
Mensaje * / 00:00:00:200 / life(02) para life(9,6)(189)
Mensaje * / 00:00:00:200 / life(02) para life(9,7)(190)
Mensaje * / 00:00:00:200 / life(02) para life(9,9)(192)
Mensaje * / 00:00:00:200 / life(02) para life(9,10)(193)
Mensaje * / 00:00:00:200 / life(02) para life(10,6)(209)
Mensaje * / 00:00:00:200 / life(02) para life(10,7)(210)
Mensaje * / 00:00:00:200 / life(02) para life(10,9)(212)
Mensaje * / 00:00:00:200 / life(02) para life(10,10)(213)
Mensaje * / 00:00:00:200 / life(02) para life(11,8)(231)
Mensaje * / 00:00:00:200 / life(02) para life(12,8)(251)
Mensaje Y / 00:00:00:200 / life(4,8)(91) / out /      0.00000 para life(02)
Mensaje D / 00:00:00:200 / life(4,8)(91) / ... para life(02)
Mensaje Y / 00:00:00:200 / life(5,8)(111) / out /      1.00000 para life(02)
Mensaje D / 00:00:00:200 / life(5,8)(111) / ... para life(02)
Mensaje Y / 00:00:00:200 / life(6,6)(129) / out /      1.00000 para life(02)
Mensaje D / 00:00:00:200 / life(6,6)(129) / ... para life(02)
Mensaje Y / 00:00:00:200 / life(6,7)(130) / out /      0.00000 para life(02)
Mensaje D / 00:00:00:200 / life(6,7)(130) / ... para life(02)
Mensaje Y / 00:00:00:200 / life(6,9)(132) / out /      0.00000 para life(02)
Mensaje D / 00:00:00:200 / life(6,9)(132) / ... para life(02)
Mensaje Y / 00:00:00:200 / life(6,10)(133) / out /      1.00000 para life(02)
Mensaje D / 00:00:00:200 / life(6,10)(133) / ... para life(02)
Mensaje Y / 00:00:00:200 / life(7,6)(149) / out /      0.00000 para life(02)
Mensaje D / 00:00:00:200 / life(7,6)(149) / ... para life(02)
Mensaje Y / 00:00:00:200 / life(7,7)(150) / out /      0.00000 para life(02)
Mensaje D / 00:00:00:200 / life(7,7)(150) / ... para life(02)
Mensaje Y / 00:00:00:200 / life(7,9)(152) / out /      0.00000 para life(02)
Mensaje D / 00:00:00:200 / life(7,9)(152) / ... para life(02)
Mensaje Y / 00:00:00:200 / life(7,10)(153) / out /      0.00000 para life(02)
Mensaje D / 00:00:00:200 / life(7,10)(153) / ... para life(02)
Mensaje Y / 00:00:00:200 / life(8,4)(167) / out /      0.00000 para life(02)
Mensaje D / 00:00:00:200 / life(8,4)(167) / ... para life(02)
Mensaje Y / 00:00:00:200 / life(8,5)(168) / out /      1.00000 para life(02)
Mensaje D / 00:00:00:200 / life(8,5)(168) / ... para life(02)
Mensaje Y / 00:00:00:200 / life(8,11)(174) / out /      1.00000 para life(02)
Mensaje D / 00:00:00:200 / life(8,11)(174) / ... para life(02)
Mensaje Y / 00:00:00:200 / life(8,12)(175) / out /      0.00000 para life(02)
Mensaje D / 00:00:00:200 / life(8,12)(175) / ... para life(02)
Mensaje Y / 00:00:00:200 / life(9,6)(189) / out /      0.00000 para life(02)
Mensaje D / 00:00:00:200 / life(9,6)(189) / ... para life(02)
Mensaje Y / 00:00:00:200 / life(9,7)(190) / out /      0.00000 para life(02)
Mensaje D / 00:00:00:200 / life(9,7)(190) / ... para life(02)
Mensaje Y / 00:00:00:200 / life(9,9)(192) / out /      0.00000 para life(02)
Mensaje D / 00:00:00:200 / life(9,9)(192) / ... para life(02)
Mensaje Y / 00:00:00:200 / life(9,10)(193) / out /      0.00000 para life(02)
Mensaje D / 00:00:00:200 / life(9,10)(193) / ... para life(02)
Mensaje Y / 00:00:00:200 / life(10,6)(209) / out /      1.00000 para life(02)
Mensaje D / 00:00:00:200 / life(10,6)(209) / ... para life(02)
Mensaje Y / 00:00:00:200 / life(10,7)(210) / out /      0.00000 para life(02)
Mensaje D / 00:00:00:200 / life(10,7)(210) / ... para life(02)
Mensaje Y / 00:00:00:200 / life(10,9)(212) / out /      0.00000 para life(02)
Mensaje D / 00:00:00:200 / life(10,9)(212) / ... para life(02)
Mensaje Y / 00:00:00:200 / life(10,10)(213) / out /      1.00000 para life(02)
Mensaje D / 00:00:00:200 / life(10,10)(213) / ... para life(02)
Mensaje Y / 00:00:00:200 / life(11,8)(231) / out /      1.00000 para life(02)
Mensaje D / 00:00:00:200 / life(11,8)(231) / ... para life(02)
Mensaje Y / 00:00:00:200 / life(12,8)(251) / out /      0.00000 para life(02)
Mensaje D / 00:00:00:200 / life(12,8)(251) / ... para life(02)
Mensaje X / 00:00:00:200 / life(02) / neighborchange /      0.00000 para life(3,7)(70)
Mensaje X / 00:00:00:200 / life(02) / neighborchange /      0.00000 para life(3,8)(71)
Mensaje X / 00:00:00:200 / life(02) / neighborchange /      0.00000 para life(3,9)(72)
Mensaje X / 00:00:00:200 / life(02) / neighborchange /      0.00000 para life(4,7)(90)
Mensaje X / 00:00:00:200 / life(02) / neighborchange /      0.00000 para life(4,8)(91)
Mensaje X / 00:00:00:200 / life(02) / neighborchange /      0.00000 para life(4,9)(92)
Mensaje X / 00:00:00:200 / life(02) / neighborchange /      0.00000 para life(5,7)(110)
Mensaje X / 00:00:00:200 / life(02) / neighborchange /      0.00000 para life(5,8)(111)
Mensaje X / 00:00:00:200 / life(02) / neighborchange /      0.00000 para life(5,9)(112)
Mensaje X / 00:00:00:200 / life(02) / neighborchange /      1.00000 para life(6,7)(130)
Mensaje X / 00:00:00:200 / life(02) / neighborchange /      1.00000 para life(6,8)(131)
Mensaje X / 00:00:00:200 / life(02) / neighborchange /      1.00000 para life(6,9)(132)
Mensaje X / 00:00:00:200 / life(02) / neighborchange /      1.00000 para life(5,5)(108)
Mensaje X / 00:00:00:200 / life(02) / neighborchange /      1.00000 para life(5,6)(109)
Mensaje X / 00:00:00:200 / life(02) / neighborchange /      1.00000 para life(6,5)(128)
Mensaje X / 00:00:00:200 / life(02) / neighborchange /      1.00000 para life(6,6)(129)
Mensaje X / 00:00:00:200 / life(02) / neighborchange /      1.00000 para life(7,5)(148)
Mensaje X / 00:00:00:200 / life(02) / neighborchange /      1.00000 para life(7,6)(149)
Mensaje X / 00:00:00:200 / life(02) / neighborchange /      1.00000 para life(7,7)(150)
Mensaje X / 00:00:00:200 / life(02) / neighborchange /      0.00000 para life(7,8)(151)
Mensaje X / 00:00:00:200 / life(02) / neighborchange /      0.00000 para life(5,10)(113)
Mensaje X / 00:00:00:200 / life(02) / neighborchange /      0.00000 para life(6,10)(133)
Mensaje X / 00:00:00:200 / life(02) / neighborchange /      0.00000 para life(7,9)(152)
Mensaje X / 00:00:00:200 / life(02) / neighborchange /      0.00000 para life(7,10)(153)
Mensaje X / 00:00:00:200 / life(02) / neighborchange /      1.00000 para life(5,11)(114)
Mensaje X / 00:00:00:200 / life(02) / neighborchange /      1.00000 para life(6,11)(134)
Mensaje X / 00:00:00:200 / life(02) / neighborchange /      1.00000 para life(7,11)(154)
Mensaje X / 00:00:00:200 / life(02) / neighborchange /      0.00000 para life(8,5)(168)
Mensaje X / 00:00:00:200 / life(02) / neighborchange /      0.00000 para life(8,6)(169)
Mensaje X / 00:00:00:200 / life(02) / neighborchange /      0.00000 para life(8,7)(170)
Mensaje X / 00:00:00:200 / life(02) / neighborchange /      0.00000 para life(8,8)(171)
Mensaje X / 00:00:00:200 / life(02) / neighborchange /      0.00000 para life(8,9)(172)
Mensaje X / 00:00:00:200 / life(02) / neighborchange /      0.00000 para life(8,10)(173)
Mensaje X / 00:00:00:200 / life(02) / neighborchange /      0.00000 para life(8,11)(174)
Mensaje X / 00:00:00:200 / life(02) / neighborchange /      0.00000 para life(7,3)(146)
Mensaje X / 00:00:00:200 / life(02) / neighborchange /      0.00000 para life(7,4)(147)
Mensaje X / 00:00:00:200 / life(02) / neighborchange /      0.00000 para life(8,3)(166)
Mensaje X / 00:00:00:200 / life(02) / neighborchange /      0.00000 para life(8,4)(167)
Mensaje X / 00:00:00:200 / life(02) / neighborchange /      0.00000 para life(9,3)(186)
Mensaje X / 00:00:00:200 / life(02) / neighborchange /      0.00000 para life(9,4)(187)
Mensaje X / 00:00:00:200 / life(02) / neighborchange /      0.00000 para life(9,5)(188)
Mensaje X / 00:00:00:200 / life(02) / neighborchange /      1.00000 para life(9,6)(189)
Mensaje X / 00:00:00:200 / life(02) / neighborchange /      1.00000 para life(7,12)(155)
Mensaje X / 00:00:00:200 / life(02) / neighborchange /      1.00000 para life(8,12)(175)
Mensaje X / 00:00:00:200 / life(02) / neighborchange /      1.00000 para life(9,10)(193)
Mensaje X / 00:00:00:200 / life(02) / neighborchange /      1.00000 para life(9,11)(194)
Mensaje X / 00:00:00:200 / life(02) / neighborchange /      1.00000 para life(9,12)(195)
Mensaje X / 00:00:00:200 / life(02) / neighborchange /      0.00000 para life(7,13)(156)
Mensaje X / 00:00:00:200 / life(02) / neighborchange /      0.00000 para life(8,13)(176)
Mensaje X / 00:00:00:200 / life(02) / neighborchange /      0.00000 para life(9,13)(196)
Mensaje X / 00:00:00:200 / life(02) / neighborchange /      0.00000 para life(9,7)(190)
Mensaje X / 00:00:00:200 / life(02) / neighborchange /      0.00000 para life(10,5)(208)
Mensaje X / 00:00:00:200 / life(02) / neighborchange /      0.00000 para life(10,6)(209)
Mensaje X / 00:00:00:200 / life(02) / neighborchange /      0.00000 para life(10,7)(210)
Mensaje X / 00:00:00:200 / life(02) / neighborchange /      0.00000 para life(9,8)(191)
Mensaje X / 00:00:00:200 / life(02) / neighborchange /      0.00000 para life(10,8)(211)
Mensaje X / 00:00:00:200 / life(02) / neighborchange /      0.00000 para life(9,9)(192)
Mensaje X / 00:00:00:200 / life(02) / neighborchange /      0.00000 para life(10,9)(212)
Mensaje X / 00:00:00:200 / life(02) / neighborchange /      0.00000 para life(10,10)(213)
Mensaje X / 00:00:00:200 / life(02) / neighborchange /      0.00000 para life(10,11)(214)
Mensaje X / 00:00:00:200 / life(02) / neighborchange /      1.00000 para life(11,5)(228)
Mensaje X / 00:00:00:200 / life(02) / neighborchange /      1.00000 para life(11,6)(229)
Mensaje X / 00:00:00:200 / life(02) / neighborchange /      1.00000 para life(11,7)(230)
Mensaje X / 00:00:00:200 / life(02) / neighborchange /      0.00000 para life(11,8)(231)
Mensaje X / 00:00:00:200 / life(02) / neighborchange /      0.00000 para life(11,9)(232)
Mensaje X / 00:00:00:200 / life(02) / neighborchange /      0.00000 para life(11,10)(233)
Mensaje X / 00:00:00:200 / life(02) / neighborchange /      1.00000 para life(11,11)(234)
Mensaje X / 00:00:00:200 / life(02) / neighborchange /      1.00000 para life(12,7)(250)
Mensaje X / 00:00:00:200 / life(02) / neighborchange /      1.00000 para life(12,8)(251)
Mensaje X / 00:00:00:200 / life(02) / neighborchange /      1.00000 para life(12,9)(252)
Mensaje X / 00:00:00:200 / life(02) / neighborchange /      0.00000 para life(13,7)(270)
Mensaje X / 00:00:00:200 / life(02) / neighborchange /      0.00000 para life(13,8)(271)
Mensaje X / 00:00:00:200 / life(02) / neighborchange /      0.00000 para life(13,9)(272)
Mensaje D / 00:00:00:200 / life(3,7)(70) / ... para life(02)
Mensaje D / 00:00:00:200 / life(3,8)(71) / ... para life(02)
Mensaje D / 00:00:00:200 / life(3,9)(72) / ... para life(02)
Mensaje D / 00:00:00:200 / life(4,7)(90) / ... para life(02)
Mensaje D / 00:00:00:200 / life(4,8)(91) / ... para life(02)
Mensaje D / 00:00:00:200 / life(4,9)(92) / ... para life(02)
Mensaje D / 00:00:00:200 / life(5,7)(110) / ... para life(02)
Mensaje D / 00:00:00:200 / life(5,8)(111) / 00:00:00:100 para life(02)
Mensaje D / 00:00:00:200 / life(5,9)(112) / ... para life(02)
Mensaje D / 00:00:00:200 / life(6,7)(130) / ... para life(02)
Mensaje D / 00:00:00:200 / life(6,8)(131) / ... para life(02)
Mensaje D / 00:00:00:200 / life(6,9)(132) / ... para life(02)
Mensaje D / 00:00:00:200 / life(5,5)(108) / ... para life(02)
Mensaje D / 00:00:00:200 / life(5,6)(109) / ... para life(02)
Mensaje D / 00:00:00:200 / life(6,5)(128) / ... para life(02)
Mensaje D / 00:00:00:200 / life(6,6)(129) / 00:00:00:100 para life(02)
Mensaje D / 00:00:00:200 / life(7,5)(148) / ... para life(02)
Mensaje D / 00:00:00:200 / life(7,6)(149) / ... para life(02)
Mensaje D / 00:00:00:200 / life(7,7)(150) / ... para life(02)
Mensaje D / 00:00:00:200 / life(7,8)(151) / ... para life(02)
Mensaje D / 00:00:00:200 / life(5,10)(113) / ... para life(02)
Mensaje D / 00:00:00:200 / life(6,10)(133) / 00:00:00:100 para life(02)
Mensaje D / 00:00:00:200 / life(7,9)(152) / ... para life(02)
Mensaje D / 00:00:00:200 / life(7,10)(153) / ... para life(02)
Mensaje D / 00:00:00:200 / life(5,11)(114) / ... para life(02)
Mensaje D / 00:00:00:200 / life(6,11)(134) / ... para life(02)
Mensaje D / 00:00:00:200 / life(7,11)(154) / ... para life(02)
Mensaje D / 00:00:00:200 / life(8,5)(168) / 00:00:00:100 para life(02)
Mensaje D / 00:00:00:200 / life(8,6)(169) / ... para life(02)
Mensaje D / 00:00:00:200 / life(8,7)(170) / ... para life(02)
Mensaje D / 00:00:00:200 / life(8,8)(171) / 00:00:00:100 para life(02)
Mensaje D / 00:00:00:200 / life(8,9)(172) / ... para life(02)
Mensaje D / 00:00:00:200 / life(8,10)(173) / ... para life(02)
Mensaje D / 00:00:00:200 / life(8,11)(174) / 00:00:00:100 para life(02)
Mensaje D / 00:00:00:200 / life(7,3)(146) / ... para life(02)
Mensaje D / 00:00:00:200 / life(7,4)(147) / ... para life(02)
Mensaje D / 00:00:00:200 / life(8,3)(166) / ... para life(02)
Mensaje D / 00:00:00:200 / life(8,4)(167) / ... para life(02)
Mensaje D / 00:00:00:200 / life(9,3)(186) / ... para life(02)
Mensaje D / 00:00:00:200 / life(9,4)(187) / ... para life(02)
Mensaje D / 00:00:00:200 / life(9,5)(188) / ... para life(02)
Mensaje D / 00:00:00:200 / life(9,6)(189) / ... para life(02)
Mensaje D / 00:00:00:200 / life(7,12)(155) / ... para life(02)
Mensaje D / 00:00:00:200 / life(8,12)(175) / ... para life(02)
Mensaje D / 00:00:00:200 / life(9,10)(193) / ... para life(02)
Mensaje D / 00:00:00:200 / life(9,11)(194) / ... para life(02)
Mensaje D / 00:00:00:200 / life(9,12)(195) / ... para life(02)
Mensaje D / 00:00:00:200 / life(7,13)(156) / ... para life(02)
Mensaje D / 00:00:00:200 / life(8,13)(176) / ... para life(02)
Mensaje D / 00:00:00:200 / life(9,13)(196) / ... para life(02)
Mensaje D / 00:00:00:200 / life(9,7)(190) / ... para life(02)
Mensaje D / 00:00:00:200 / life(10,5)(208) / ... para life(02)
Mensaje D / 00:00:00:200 / life(10,6)(209) / 00:00:00:100 para life(02)
Mensaje D / 00:00:00:200 / life(10,7)(210) / ... para life(02)
Mensaje D / 00:00:00:200 / life(9,8)(191) / ... para life(02)
Mensaje D / 00:00:00:200 / life(10,8)(211) / ... para life(02)
Mensaje D / 00:00:00:200 / life(9,9)(192) / ... para life(02)
Mensaje D / 00:00:00:200 / life(10,9)(212) / ... para life(02)
Mensaje D / 00:00:00:200 / life(10,10)(213) / 00:00:00:100 para life(02)
Mensaje D / 00:00:00:200 / life(10,11)(214) / ... para life(02)
Mensaje D / 00:00:00:200 / life(11,5)(228) / ... para life(02)
Mensaje D / 00:00:00:200 / life(11,6)(229) / ... para life(02)
Mensaje D / 00:00:00:200 / life(11,7)(230) / ... para life(02)
Mensaje D / 00:00:00:200 / life(11,8)(231) / 00:00:00:100 para life(02)
Mensaje D / 00:00:00:200 / life(11,9)(232) / ... para life(02)
Mensaje D / 00:00:00:200 / life(11,10)(233) / ... para life(02)
Mensaje D / 00:00:00:200 / life(11,11)(234) / ... para life(02)
Mensaje D / 00:00:00:200 / life(12,7)(250) / ... para life(02)
Mensaje D / 00:00:00:200 / life(12,8)(251) / ... para life(02)
Mensaje D / 00:00:00:200 / life(12,9)(252) / ... para life(02)
Mensaje D / 00:00:00:200 / life(13,7)(270) / ... para life(02)
Mensaje D / 00:00:00:200 / life(13,8)(271) / ... para life(02)
Mensaje D / 00:00:00:200 / life(13,9)(272) / ... para life(02)
Mensaje D / 00:00:00:200 / life(02) / 00:00:00:100 para top(01)
Mensaje D / 00:00:00:200 / top(01) / 00:00:00:100 para Root(00)
Mensaje * / 00:00:00:300 / Root(00) para top(01)
Mensaje * / 00:00:00:300 / top(01) para life(02)
Mensaje * / 00:00:00:300 / life(02) para life(5,8)(111)
Mensaje * / 00:00:00:300 / life(02) para life(6,6)(129)
Mensaje * / 00:00:00:300 / life(02) para life(6,10)(133)
Mensaje * / 00:00:00:300 / life(02) para life(8,5)(168)
Mensaje * / 00:00:00:300 / life(02) para life(8,8)(171)
Mensaje * / 00:00:00:300 / life(02) para life(8,11)(174)
Mensaje * / 00:00:00:300 / life(02) para life(10,6)(209)
Mensaje * / 00:00:00:300 / life(02) para life(10,10)(213)
Mensaje * / 00:00:00:300 / life(02) para life(11,8)(231)
Mensaje Y / 00:00:00:300 / life(5,8)(111) / out /      0.00000 para life(02)
Mensaje D / 00:00:00:300 / life(5,8)(111) / ... para life(02)
Mensaje Y / 00:00:00:300 / life(6,6)(129) / out /      0.00000 para life(02)
Mensaje D / 00:00:00:300 / life(6,6)(129) / ... para life(02)
Mensaje Y / 00:00:00:300 / life(6,10)(133) / out /      0.00000 para life(02)
Mensaje D / 00:00:00:300 / life(6,10)(133) / ... para life(02)
Mensaje Y / 00:00:00:300 / life(8,5)(168) / out /      0.00000 para life(02)
Mensaje D / 00:00:00:300 / life(8,5)(168) / ... para life(02)
Mensaje Y / 00:00:00:300 / life(8,8)(171) / out /      0.00000 para life(02)
Mensaje D / 00:00:00:300 / life(8,8)(171) / ... para life(02)
Mensaje Y / 00:00:00:300 / life(8,11)(174) / out /      0.00000 para life(02)
Mensaje D / 00:00:00:300 / life(8,11)(174) / ... para life(02)
Mensaje Y / 00:00:00:300 / life(10,6)(209) / out /      0.00000 para life(02)
Mensaje D / 00:00:00:300 / life(10,6)(209) / ... para life(02)
Mensaje Y / 00:00:00:300 / life(10,10)(213) / out /      0.00000 para life(02)
Mensaje D / 00:00:00:300 / life(10,10)(213) / ... para life(02)
Mensaje Y / 00:00:00:300 / life(11,8)(231) / out /      0.00000 para life(02)
Mensaje D / 00:00:00:300 / life(11,8)(231) / ... para life(02)
Mensaje X / 00:00:00:300 / life(02) / neighborchange /      0.00000 para life(4,7)(90)
Mensaje X / 00:00:00:300 / life(02) / neighborchange /      0.00000 para life(4,8)(91)
Mensaje X / 00:00:00:300 / life(02) / neighborchange /      0.00000 para life(4,9)(92)
Mensaje X / 00:00:00:300 / life(02) / neighborchange /      0.00000 para life(5,7)(110)
Mensaje X / 00:00:00:300 / life(02) / neighborchange /      0.00000 para life(5,8)(111)
Mensaje X / 00:00:00:300 / life(02) / neighborchange /      0.00000 para life(5,9)(112)
Mensaje X / 00:00:00:300 / life(02) / neighborchange /      0.00000 para life(6,7)(130)
Mensaje X / 00:00:00:300 / life(02) / neighborchange /      0.00000 para life(6,8)(131)
Mensaje X / 00:00:00:300 / life(02) / neighborchange /      0.00000 para life(6,9)(132)
Mensaje X / 00:00:00:300 / life(02) / neighborchange /      0.00000 para life(5,5)(108)
Mensaje X / 00:00:00:300 / life(02) / neighborchange /      0.00000 para life(5,6)(109)
Mensaje X / 00:00:00:300 / life(02) / neighborchange /      0.00000 para life(6,5)(128)
Mensaje X / 00:00:00:300 / life(02) / neighborchange /      0.00000 para life(6,6)(129)
Mensaje X / 00:00:00:300 / life(02) / neighborchange /      0.00000 para life(7,5)(148)
Mensaje X / 00:00:00:300 / life(02) / neighborchange /      0.00000 para life(7,6)(149)
Mensaje X / 00:00:00:300 / life(02) / neighborchange /      0.00000 para life(7,7)(150)
Mensaje X / 00:00:00:300 / life(02) / neighborchange /      0.00000 para life(5,10)(113)
Mensaje X / 00:00:00:300 / life(02) / neighborchange /      0.00000 para life(5,11)(114)
Mensaje X / 00:00:00:300 / life(02) / neighborchange /      0.00000 para life(6,10)(133)
Mensaje X / 00:00:00:300 / life(02) / neighborchange /      0.00000 para life(6,11)(134)
Mensaje X / 00:00:00:300 / life(02) / neighborchange /      0.00000 para life(7,9)(152)
Mensaje X / 00:00:00:300 / life(02) / neighborchange /      0.00000 para life(7,10)(153)
Mensaje X / 00:00:00:300 / life(02) / neighborchange /      0.00000 para life(7,11)(154)
Mensaje X / 00:00:00:300 / life(02) / neighborchange /      0.00000 para life(7,4)(147)
Mensaje X / 00:00:00:300 / life(02) / neighborchange /      0.00000 para life(8,4)(167)
Mensaje X / 00:00:00:300 / life(02) / neighborchange /      0.00000 para life(8,5)(168)
Mensaje X / 00:00:00:300 / life(02) / neighborchange /      0.00000 para life(8,6)(169)
Mensaje X / 00:00:00:300 / life(02) / neighborchange /      0.00000 para life(9,4)(187)
Mensaje X / 00:00:00:300 / life(02) / neighborchange /      0.00000 para life(9,5)(188)
Mensaje X / 00:00:00:300 / life(02) / neighborchange /      0.00000 para life(9,6)(189)
Mensaje X / 00:00:00:300 / life(02) / neighborchange /      0.00000 para life(7,8)(151)
Mensaje X / 00:00:00:300 / life(02) / neighborchange /      0.00000 para life(8,7)(170)
Mensaje X / 00:00:00:300 / life(02) / neighborchange /      0.00000 para life(8,8)(171)
Mensaje X / 00:00:00:300 / life(02) / neighborchange /      0.00000 para life(8,9)(172)
Mensaje X / 00:00:00:300 / life(02) / neighborchange /      0.00000 para life(9,7)(190)
Mensaje X / 00:00:00:300 / life(02) / neighborchange /      0.00000 para life(9,8)(191)
Mensaje X / 00:00:00:300 / life(02) / neighborchange /      0.00000 para life(9,9)(192)
Mensaje X / 00:00:00:300 / life(02) / neighborchange /      0.00000 para life(7,12)(155)
Mensaje X / 00:00:00:300 / life(02) / neighborchange /      0.00000 para life(8,10)(173)
Mensaje X / 00:00:00:300 / life(02) / neighborchange /      0.00000 para life(8,11)(174)
Mensaje X / 00:00:00:300 / life(02) / neighborchange /      0.00000 para life(8,12)(175)
Mensaje X / 00:00:00:300 / life(02) / neighborchange /      0.00000 para life(9,10)(193)
Mensaje X / 00:00:00:300 / life(02) / neighborchange /      0.00000 para life(9,11)(194)
Mensaje X / 00:00:00:300 / life(02) / neighborchange /      0.00000 para life(9,12)(195)
Mensaje X / 00:00:00:300 / life(02) / neighborchange /      0.00000 para life(10,5)(208)
Mensaje X / 00:00:00:300 / life(02) / neighborchange /      0.00000 para life(10,6)(209)
Mensaje X / 00:00:00:300 / life(02) / neighborchange /      0.00000 para life(10,7)(210)
Mensaje X / 00:00:00:300 / life(02) / neighborchange /      0.00000 para life(11,5)(228)
Mensaje X / 00:00:00:300 / life(02) / neighborchange /      0.00000 para life(11,6)(229)
Mensaje X / 00:00:00:300 / life(02) / neighborchange /      0.00000 para life(11,7)(230)
Mensaje X / 00:00:00:300 / life(02) / neighborchange /      0.00000 para life(10,9)(212)
Mensaje X / 00:00:00:300 / life(02) / neighborchange /      0.00000 para life(10,10)(213)
Mensaje X / 00:00:00:300 / life(02) / neighborchange /      0.00000 para life(10,11)(214)
Mensaje X / 00:00:00:300 / life(02) / neighborchange /      0.00000 para life(11,9)(232)
Mensaje X / 00:00:00:300 / life(02) / neighborchange /      0.00000 para life(11,10)(233)
Mensaje X / 00:00:00:300 / life(02) / neighborchange /      0.00000 para life(11,11)(234)
Mensaje X / 00:00:00:300 / life(02) / neighborchange /      0.00000 para life(10,8)(211)
Mensaje X / 00:00:00:300 / life(02) / neighborchange /      0.00000 para life(11,8)(231)
Mensaje X / 00:00:00:300 / life(02) / neighborchange /      0.00000 para life(12,7)(250)
Mensaje X / 00:00:00:300 / life(02) / neighborchange /      0.00000 para life(12,8)(251)
Mensaje X / 00:00:00:300 / life(02) / neighborchange /      0.00000 para life(12,9)(252)
Mensaje D / 00:00:00:300 / life(4,7)(90) / ... para life(02)
Mensaje D / 00:00:00:300 / life(4,8)(91) / ... para life(02)
Mensaje D / 00:00:00:300 / life(4,9)(92) / ... para life(02)
Mensaje D / 00:00:00:300 / life(5,7)(110) / ... para life(02)
Mensaje D / 00:00:00:300 / life(5,8)(111) / ... para life(02)
Mensaje D / 00:00:00:300 / life(5,9)(112) / ... para life(02)
Mensaje D / 00:00:00:300 / life(6,7)(130) / ... para life(02)
Mensaje D / 00:00:00:300 / life(6,8)(131) / ... para life(02)
Mensaje D / 00:00:00:300 / life(6,9)(132) / ... para life(02)
Mensaje D / 00:00:00:300 / life(5,5)(108) / ... para life(02)
Mensaje D / 00:00:00:300 / life(5,6)(109) / ... para life(02)
Mensaje D / 00:00:00:300 / life(6,5)(128) / ... para life(02)
Mensaje D / 00:00:00:300 / life(6,6)(129) / ... para life(02)
Mensaje D / 00:00:00:300 / life(7,5)(148) / ... para life(02)
Mensaje D / 00:00:00:300 / life(7,6)(149) / ... para life(02)
Mensaje D / 00:00:00:300 / life(7,7)(150) / ... para life(02)
Mensaje D / 00:00:00:300 / life(5,10)(113) / ... para life(02)
Mensaje D / 00:00:00:300 / life(5,11)(114) / ... para life(02)
Mensaje D / 00:00:00:300 / life(6,10)(133) / ... para life(02)
Mensaje D / 00:00:00:300 / life(6,11)(134) / ... para life(02)
Mensaje D / 00:00:00:300 / life(7,9)(152) / ... para life(02)
Mensaje D / 00:00:00:300 / life(7,10)(153) / ... para life(02)
Mensaje D / 00:00:00:300 / life(7,11)(154) / ... para life(02)
Mensaje D / 00:00:00:300 / life(7,4)(147) / ... para life(02)
Mensaje D / 00:00:00:300 / life(8,4)(167) / ... para life(02)
Mensaje D / 00:00:00:300 / life(8,5)(168) / ... para life(02)
Mensaje D / 00:00:00:300 / life(8,6)(169) / ... para life(02)
Mensaje D / 00:00:00:300 / life(9,4)(187) / ... para life(02)
Mensaje D / 00:00:00:300 / life(9,5)(188) / ... para life(02)
Mensaje D / 00:00:00:300 / life(9,6)(189) / ... para life(02)
Mensaje D / 00:00:00:300 / life(7,8)(151) / ... para life(02)
Mensaje D / 00:00:00:300 / life(8,7)(170) / ... para life(02)
Mensaje D / 00:00:00:300 / life(8,8)(171) / ... para life(02)
Mensaje D / 00:00:00:300 / life(8,9)(172) / ... para life(02)
Mensaje D / 00:00:00:300 / life(9,7)(190) / ... para life(02)
Mensaje D / 00:00:00:300 / life(9,8)(191) / ... para life(02)
Mensaje D / 00:00:00:300 / life(9,9)(192) / ... para life(02)
Mensaje D / 00:00:00:300 / life(7,12)(155) / ... para life(02)
Mensaje D / 00:00:00:300 / life(8,10)(173) / ... para life(02)
Mensaje D / 00:00:00:300 / life(8,11)(174) / ... para life(02)
Mensaje D / 00:00:00:300 / life(8,12)(175) / ... para life(02)
Mensaje D / 00:00:00:300 / life(9,10)(193) / ... para life(02)
Mensaje D / 00:00:00:300 / life(9,11)(194) / ... para life(02)
Mensaje D / 00:00:00:300 / life(9,12)(195) / ... para life(02)
Mensaje D / 00:00:00:300 / life(10,5)(208) / ... para life(02)
Mensaje D / 00:00:00:300 / life(10,6)(209) / ... para life(02)
Mensaje D / 00:00:00:300 / life(10,7)(210) / ... para life(02)
Mensaje D / 00:00:00:300 / life(11,5)(228) / ... para life(02)
Mensaje D / 00:00:00:300 / life(11,6)(229) / ... para life(02)
Mensaje D / 00:00:00:300 / life(11,7)(230) / ... para life(02)
Mensaje D / 00:00:00:300 / life(10,9)(212) / ... para life(02)
Mensaje D / 00:00:00:300 / life(10,10)(213) / ... para life(02)
Mensaje D / 00:00:00:300 / life(10,11)(214) / ... para life(02)
Mensaje D / 00:00:00:300 / life(11,9)(232) / ... para life(02)
Mensaje D / 00:00:00:300 / life(11,10)(233) / ... para life(02)
Mensaje D / 00:00:00:300 / life(11,11)(234) / ... para life(02)
Mensaje D / 00:00:00:300 / life(10,8)(211) / ... para life(02)
Mensaje D / 00:00:00:300 / life(11,8)(231) / ... para life(02)
Mensaje D / 00:00:00:300 / life(12,7)(250) / ... para life(02)
Mensaje D / 00:00:00:300 / life(12,8)(251) / ... para life(02)
Mensaje D / 00:00:00:300 / life(12,9)(252) / ... para life(02)
Mensaje D / 00:00:00:300 / life(02) / ... para top(01)
Mensaje D / 00:00:00:300 / top(01) / ... para Root(00)
